<?xml version="1.0" encoding="UTF-8"?>
<coverage generated="1774246750223" clover="3.2.0">
  <project timestamp="1774246750223" name="All files">
    <metrics statements="671" coveredstatements="521" conditionals="280" coveredconditionals="198" methods="45" coveredmethods="33" elements="996" coveredelements="752" complexity="0" loc="671" ncloc="671" packages="6" files="10" classes="10"/>
    <package name="config">
      <metrics statements="3" coveredstatements="3" conditionals="0" coveredconditionals="0" methods="0" coveredmethods="0"/>
      <file name="permissions.js" path="C:\Users\ANULAL\Desktop\Maitexa\acadeno_lms\lms_backend\src\config\permissions.js">
        <metrics statements="3" coveredstatements="3" conditionals="0" coveredconditionals="0" methods="0" coveredmethods="0"/>
        <line num="11" count="7" type="stmt"/>
        <line num="20" count="7" type="stmt"/>
        <line num="39" count="7" type="stmt"/>
      </file>
    </package>
    <package name="controllers">
      <metrics statements="532" coveredstatements="405" conditionals="236" coveredconditionals="174" methods="27" coveredmethods="19"/>
      <file name="authController.js" path="C:\Users\ANULAL\Desktop\Maitexa\acadeno_lms\lms_backend\src\controllers\authController.js">
        <metrics statements="212" coveredstatements="149" conditionals="85" coveredconditionals="66" methods="12" coveredmethods="6"/>
        <line num="9" count="3" type="stmt"/>
        <line num="10" count="3" type="stmt"/>
        <line num="11" count="3" type="stmt"/>
        <line num="12" count="3" type="stmt"/>
        <line num="13" count="3" type="stmt"/>
        <line num="14" count="3" type="stmt"/>
        <line num="19" count="3" type="stmt"/>
        <line num="20" count="3" type="stmt"/>
        <line num="21" count="3" type="stmt"/>
        <line num="24" count="3" type="stmt"/>
        <line num="25" count="3" type="stmt"/>
        <line num="26" count="3" type="stmt"/>
        <line num="27" count="3" type="stmt"/>
        <line num="34" count="3" type="stmt"/>
        <line num="37" count="3" type="stmt"/>
        <line num="52" count="19" type="cond" truecount="2" falsecount="0"/>
        <line num="53" count="19" type="cond" truecount="2" falsecount="0"/>
        <line num="54" count="19" type="stmt"/>
        <line num="69" count="9" type="stmt"/>
        <line num="79" count="9" type="stmt"/>
        <line num="82" count="9" type="stmt"/>
        <line num="87" count="9" type="stmt"/>
        <line num="90" count="9" type="cond" truecount="2" falsecount="0"/>
        <line num="91" count="9" type="stmt"/>
        <line num="94" count="9" type="stmt"/>
        <line num="101" count="9" type="stmt"/>
        <line num="109" count="9" type="stmt"/>
        <line num="112" count="9" type="stmt"/>
        <line num="126" count="19" type="stmt"/>
        <line num="128" count="19" type="stmt"/>
        <line num="130" count="19" type="stmt"/>
        <line num="131" count="19" type="stmt"/>
        <line num="134" count="19" type="cond" truecount="4" falsecount="0"/>
        <line num="135" count="2" type="stmt"/>
        <line num="141" count="17" type="stmt"/>
        <line num="142" count="17" type="cond" truecount="2" falsecount="0"/>
        <line num="143" count="1" type="stmt"/>
        <line num="150" count="16" type="stmt"/>
        <line num="158" count="16" type="cond" truecount="2" falsecount="0"/>
        <line num="159" count="1" type="stmt"/>
        <line num="162" count="14" type="stmt"/>
        <line num="165" count="14" type="cond" truecount="2" falsecount="0"/>
        <line num="166" count="1" type="stmt"/>
        <line num="170" count="13" type="cond" truecount="4" falsecount="0"/>
        <line num="171" count="1" type="stmt"/>
        <line num="178" count="12" type="stmt"/>
        <line num="180" count="12" type="cond" truecount="2" falsecount="0"/>
        <line num="182" count="3" type="cond" truecount="1" falsecount="1"/>
        <line num="185" count="3" type="cond" truecount="2" falsecount="0"/>
        <line num="186" count="1" type="stmt"/>
        <line num="196" count="1" type="stmt"/>
        <line num="199" count="1" type="stmt"/>
        <line num="200" count="0" type="stmt"/>
        <line num="203" count="1" type="stmt"/>
        <line num="210" count="2" type="stmt"/>
        <line num="218" count="2" type="stmt"/>
        <line num="224" count="9" type="stmt"/>
        <line num="226" count="9" type="cond" truecount="2" falsecount="0"/>
        <line num="228" count="4" type="stmt"/>
        <line num="234" count="4" type="cond" truecount="2" falsecount="0"/>
        <line num="237" count="3" type="stmt"/>
        <line num="248" count="3" type="stmt"/>
        <line num="249" count="3" type="stmt"/>
        <line num="250" count="3" type="stmt"/>
        <line num="253" count="3" type="stmt"/>
        <line num="254" count="0" type="stmt"/>
        <line num="257" count="3" type="stmt"/>
        <line num="267" count="6" type="stmt"/>
        <line num="270" count="1" type="stmt"/>
        <line num="271" count="1" type="stmt"/>
        <line num="273" count="19" type="stmt"/>
        <line num="289" count="0" type="stmt"/>
        <line num="291" count="0" type="stmt"/>
        <line num="294" count="0" type="stmt"/>
        <line num="296" count="0" type="stmt"/>
        <line num="298" count="0" type="cond" truecount="0" falsecount="2"/>
        <line num="299" count="0" type="stmt"/>
        <line num="306" count="0" type="stmt"/>
        <line num="311" count="0" type="stmt"/>
        <line num="319" count="0" type="cond" truecount="0" falsecount="2"/>
        <line num="320" count="0" type="stmt"/>
        <line num="321" count="0" type="stmt"/>
        <line num="327" count="0" type="stmt"/>
        <line num="332" count="0" type="cond" truecount="0" falsecount="2"/>
        <line num="333" count="0" type="stmt"/>
        <line num="341" count="0" type="stmt"/>
        <line num="342" count="0" type="stmt"/>
        <line num="349" count="0" type="cond" truecount="0" falsecount="2"/>
        <line num="351" count="0" type="stmt"/>
        <line num="358" count="0" type="stmt"/>
        <line num="359" count="0" type="stmt"/>
        <line num="368" count="0" type="stmt"/>
        <line num="376" count="0" type="stmt"/>
        <line num="383" count="0" type="cond" truecount="0" falsecount="2"/>
        <line num="384" count="0" type="stmt"/>
        <line num="385" count="0" type="stmt"/>
        <line num="391" count="0" type="stmt"/>
        <line num="394" count="0" type="stmt"/>
        <line num="397" count="0" type="stmt"/>
        <line num="402" count="0" type="cond" truecount="0" falsecount="2"/>
        <line num="403" count="0" type="cond" truecount="0" falsecount="2"/>
        <line num="404" count="0" type="stmt"/>
        <line num="406" count="0" type="stmt"/>
        <line num="413" count="0" type="stmt"/>
        <line num="415" count="0" type="stmt"/>
        <line num="424" count="0" type="stmt"/>
        <line num="425" count="0" type="stmt"/>
        <line num="427" count="0" type="stmt"/>
        <line num="437" count="0" type="stmt"/>
        <line num="439" count="0" type="stmt"/>
        <line num="442" count="0" type="stmt"/>
        <line num="443" count="0" type="stmt"/>
        <line num="445" count="0" type="cond" truecount="0" falsecount="2"/>
        <line num="446" count="0" type="stmt"/>
        <line num="452" count="0" type="stmt"/>
        <line num="462" count="0" type="stmt"/>
        <line num="464" count="0" type="stmt"/>
        <line num="466" count="0" type="stmt"/>
        <line num="467" count="0" type="stmt"/>
        <line num="469" count="0" type="stmt"/>
        <line num="481" count="7" type="stmt"/>
        <line num="483" count="7" type="stmt"/>
        <line num="486" count="7" type="stmt"/>
        <line num="487" count="7" type="stmt"/>
        <line num="489" count="7" type="cond" truecount="2" falsecount="0"/>
        <line num="490" count="1" type="stmt"/>
        <line num="496" count="6" type="stmt"/>
        <line num="499" count="6" type="stmt"/>
        <line num="500" count="6" type="stmt"/>
        <line num="502" count="5" type="cond" truecount="4" falsecount="0"/>
        <line num="503" count="1" type="stmt"/>
        <line num="510" count="4" type="stmt"/>
        <line num="513" count="4" type="stmt"/>
        <line num="518" count="4" type="cond" truecount="2" falsecount="0"/>
        <line num="520" count="1" type="stmt"/>
        <line num="523" count="3" type="stmt"/>
        <line num="526" count="3" type="stmt"/>
        <line num="529" count="3" type="stmt"/>
        <line num="530" count="3" type="stmt"/>
        <line num="533" count="3" type="stmt"/>
        <line num="534" count="3" type="cond" truecount="2" falsecount="0"/>
        <line num="536" count="2" type="stmt"/>
        <line num="540" count="3" type="stmt"/>
        <line num="541" count="0" type="stmt"/>
        <line num="544" count="3" type="stmt"/>
        <line num="546" count="1" type="stmt"/>
        <line num="547" count="1" type="stmt"/>
        <line num="549" count="7" type="stmt"/>
        <line num="560" count="13" type="stmt"/>
        <line num="562" count="13" type="stmt"/>
        <line num="565" count="13" type="stmt"/>
        <line num="566" count="13" type="stmt"/>
        <line num="569" count="13" type="cond" truecount="5" falsecount="0"/>
        <line num="570" count="3" type="stmt"/>
        <line num="577" count="10" type="cond" truecount="2" falsecount="0"/>
        <line num="578" count="4" type="stmt"/>
        <line num="584" count="6" type="stmt"/>
        <line num="587" count="6" type="stmt"/>
        <line num="592" count="5" type="cond" truecount="2" falsecount="0"/>
        <line num="594" count="1" type="stmt"/>
        <line num="597" count="4" type="stmt"/>
        <line num="600" count="4" type="stmt"/>
        <line num="601" count="4" type="stmt"/>
        <line num="603" count="4" type="cond" truecount="2" falsecount="0"/>
        <line num="604" count="1" type="stmt"/>
        <line num="610" count="3" type="cond" truecount="2" falsecount="0"/>
        <line num="611" count="1" type="stmt"/>
        <line num="618" count="2" type="stmt"/>
        <line num="620" count="2" type="stmt"/>
        <line num="631" count="2" type="stmt"/>
        <line num="634" count="2" type="stmt"/>
        <line num="642" count="2" type="stmt"/>
        <line num="646" count="1" type="stmt"/>
        <line num="647" count="1" type="stmt"/>
        <line num="649" count="13" type="stmt"/>
        <line num="660" count="10" type="stmt"/>
        <line num="662" count="10" type="stmt"/>
        <line num="665" count="10" type="stmt"/>
        <line num="666" count="10" type="stmt"/>
        <line num="669" count="10" type="cond" truecount="4" falsecount="0"/>
        <line num="670" count="3" type="stmt"/>
        <line num="676" count="7" type="stmt"/>
        <line num="679" count="7" type="stmt"/>
        <line num="686" count="6" type="cond" truecount="2" falsecount="0"/>
        <line num="687" count="1" type="stmt"/>
        <line num="693" count="5" type="stmt"/>
        <line num="696" count="5" type="stmt"/>
        <line num="697" count="5" type="stmt"/>
        <line num="699" count="5" type="cond" truecount="2" falsecount="0"/>
        <line num="700" count="1" type="stmt"/>
        <line num="706" count="4" type="cond" truecount="2" falsecount="0"/>
        <line num="707" count="1" type="stmt"/>
        <line num="714" count="3" type="stmt"/>
        <line num="717" count="3" type="cond" truecount="2" falsecount="0"/>
        <line num="718" count="1" type="stmt"/>
        <line num="721" count="1" type="stmt"/>
        <line num="731" count="3" type="stmt"/>
        <line num="733" count="1" type="stmt"/>
        <line num="734" count="1" type="stmt"/>
        <line num="736" count="10" type="stmt"/>
        <line num="749" count="0" type="stmt"/>
        <line num="751" count="0" type="stmt"/>
        <line num="754" count="0" type="stmt"/>
        <line num="756" count="0" type="stmt"/>
        <line num="758" count="0" type="stmt"/>
        <line num="765" count="0" type="cond" truecount="0" falsecount="2"/>
        <line num="766" count="0" type="stmt"/>
        <line num="769" count="0" type="stmt"/>
        <line num="771" count="0" type="stmt"/>
        <line num="772" count="0" type="stmt"/>
        <line num="774" count="0" type="stmt"/>
        <line num="778" count="3" type="stmt"/>
      </file>
      <file name="leadController.js" path="C:\Users\ANULAL\Desktop\Maitexa\acadeno_lms\lms_backend\src\controllers\leadController.js">
        <metrics statements="320" coveredstatements="256" conditionals="151" coveredconditionals="108" methods="15" coveredmethods="13"/>
        <line num="5" count="7" type="stmt"/>
        <line num="6" count="7" type="stmt"/>
        <line num="7" count="7" type="stmt"/>
        <line num="13" count="6" type="stmt"/>
        <line num="15" count="6" type="stmt"/>
        <line num="17" count="6" type="stmt"/>
        <line num="19" count="6" type="stmt"/>
        <line num="20" count="6" type="cond" truecount="2" falsecount="0"/>
        <line num="21" count="6" type="cond" truecount="1" falsecount="1"/>
        <line num="22" count="6" type="cond" truecount="2" falsecount="0"/>
        <line num="23" count="6" type="cond" truecount="2" falsecount="0"/>
        <line num="24" count="6" type="cond" truecount="2" falsecount="0"/>
        <line num="26" count="6" type="stmt"/>
        <line num="27" count="6" type="cond" truecount="4" falsecount="0"/>
        <line num="29" count="6" type="stmt"/>
        <line num="30" count="6" type="cond" truecount="4" falsecount="0"/>
        <line num="32" count="6" type="cond" truecount="2" falsecount="0"/>
        <line num="33" count="3" type="stmt"/>
        <line num="36" count="3" type="stmt"/>
        <line num="39" count="3" type="stmt"/>
        <line num="40" count="3" type="stmt"/>
        <line num="42" count="3" type="stmt"/>
        <line num="45" count="3" type="stmt"/>
        <line num="52" count="3" type="cond" truecount="2" falsecount="0"/>
        <line num="53" count="1" type="stmt"/>
        <line num="54" count="1" type="stmt"/>
        <line num="62" count="2" type="stmt"/>
        <line num="69" count="2" type="stmt"/>
        <line num="72" count="2" type="stmt"/>
        <line num="79" count="2" type="cond" truecount="2" falsecount="0"/>
        <line num="80" count="1" type="stmt"/>
        <line num="87" count="2" type="stmt"/>
        <line num="89" count="2" type="stmt"/>
        <line num="95" count="0" type="stmt"/>
        <line num="96" count="0" type="stmt"/>
        <line num="97" count="0" type="stmt"/>
        <line num="99" count="6" type="stmt"/>
        <line num="107" count="0" type="stmt"/>
        <line num="109" count="0" type="stmt"/>
        <line num="110" count="0" type="stmt"/>
        <line num="113" count="0" type="stmt"/>
        <line num="114" count="0" type="stmt"/>
        <line num="117" count="0" type="stmt"/>
        <line num="119" count="0" type="cond" truecount="0" falsecount="2"/>
        <line num="120" count="0" type="stmt"/>
        <line num="123" count="0" type="stmt"/>
        <line num="126" count="0" type="stmt"/>
        <line num="131" count="0" type="stmt"/>
        <line num="136" count="0" type="stmt"/>
        <line num="143" count="0" type="stmt"/>
        <line num="146" count="0" type="cond" truecount="0" falsecount="2"/>
        <line num="147" count="0" type="stmt"/>
        <line num="150" count="0" type="stmt"/>
        <line num="152" count="0" type="stmt"/>
        <line num="159" count="7" type="stmt"/>
        <line num="169" count="7" type="stmt"/>
        <line num="171" count="7" type="stmt"/>
        <line num="172" count="7" type="stmt"/>
        <line num="173" count="7" type="stmt"/>
        <line num="175" count="7" type="cond" truecount="3" falsecount="1"/>
        <line num="176" count="0" type="stmt"/>
        <line num="180" count="7" type="stmt"/>
        <line num="181" count="7" type="stmt"/>
        <line num="183" count="7" type="stmt"/>
        <line num="187" count="7" type="stmt"/>
        <line num="192" count="7" type="cond" truecount="2" falsecount="0"/>
        <line num="193" count="1" type="stmt"/>
        <line num="194" count="1" type="stmt"/>
        <line num="197" count="6" type="stmt"/>
        <line num="200" count="6" type="cond" truecount="2" falsecount="0"/>
        <line num="201" count="1" type="stmt"/>
        <line num="202" count="1" type="stmt"/>
        <line num="208" count="5" type="stmt"/>
        <line num="209" count="5" type="stmt"/>
        <line num="211" count="5" type="cond" truecount="1" falsecount="1"/>
        <line num="212" count="0" type="stmt"/>
        <line num="213" count="0" type="stmt"/>
        <line num="217" count="5" type="cond" truecount="2" falsecount="0"/>
        <line num="218" count="2" type="cond" truecount="4" falsecount="0"/>
        <line num="219" count="1" type="stmt"/>
        <line num="220" count="1" type="stmt"/>
        <line num="227" count="4" type="stmt"/>
        <line num="229" count="4" type="stmt"/>
        <line num="239" count="4" type="stmt"/>
        <line num="246" count="4" type="stmt"/>
        <line num="249" count="4" type="stmt"/>
        <line num="251" count="4" type="stmt"/>
        <line num="258" count="0" type="stmt"/>
        <line num="259" count="0" type="stmt"/>
        <line num="261" count="0" type="cond" truecount="0" falsecount="2"/>
        <line num="262" count="0" type="stmt"/>
        <line num="265" count="0" type="stmt"/>
        <line num="267" count="7" type="stmt"/>
        <line num="276" count="4" type="stmt"/>
        <line num="278" count="4" type="stmt"/>
        <line num="279" count="4" type="stmt"/>
        <line num="280" count="4" type="stmt"/>
        <line num="282" count="4" type="cond" truecount="4" falsecount="0"/>
        <line num="283" count="1" type="stmt"/>
        <line num="286" count="3" type="cond" truecount="1" falsecount="1"/>
        <line num="287" count="0" type="stmt"/>
        <line num="290" count="3" type="cond" truecount="2" falsecount="0"/>
        <line num="291" count="2" type="stmt"/>
        <line num="293" count="2" type="stmt"/>
        <line num="294" count="2" type="stmt"/>
        <line num="296" count="2" type="cond" truecount="4" falsecount="0"/>
        <line num="297" count="1" type="stmt"/>
        <line num="302" count="2" type="stmt"/>
        <line num="303" count="2" type="stmt"/>
        <line num="305" count="2" type="stmt"/>
        <line num="308" count="2" type="stmt"/>
        <line num="313" count="2" type="cond" truecount="2" falsecount="0"/>
        <line num="314" count="1" type="stmt"/>
        <line num="315" count="1" type="stmt"/>
        <line num="319" count="1" type="stmt"/>
        <line num="325" count="1" type="stmt"/>
        <line num="328" count="1" type="stmt"/>
        <line num="329" count="1" type="cond" truecount="1" falsecount="1"/>
        <line num="332" count="1" type="cond" truecount="1" falsecount="1"/>
        <line num="333" count="1" type="stmt"/>
        <line num="338" count="0" type="stmt"/>
        <line num="344" count="1" type="stmt"/>
        <line num="346" count="1" type="stmt"/>
        <line num="352" count="0" type="stmt"/>
        <line num="353" count="0" type="stmt"/>
        <line num="355" count="0" type="cond" truecount="0" falsecount="2"/>
        <line num="356" count="0" type="stmt"/>
        <line num="359" count="0" type="stmt"/>
        <line num="361" count="4" type="stmt"/>
        <line num="370" count="1" type="stmt"/>
        <line num="372" count="1" type="stmt"/>
        <line num="373" count="1" type="stmt"/>
        <line num="375" count="1" type="stmt"/>
        <line num="376" count="1" type="stmt"/>
        <line num="379" count="1" type="stmt"/>
        <line num="381" count="1" type="cond" truecount="1" falsecount="1"/>
        <line num="382" count="0" type="stmt"/>
        <line num="386" count="1" type="stmt"/>
        <line num="395" count="1" type="stmt"/>
        <line num="400" count="0" type="stmt"/>
        <line num="401" count="0" type="cond" truecount="0" falsecount="2"/>
        <line num="402" count="0" type="stmt"/>
        <line num="404" count="0" type="stmt"/>
        <line num="406" count="1" type="stmt"/>
        <line num="415" count="2" type="stmt"/>
        <line num="416" count="2" type="stmt"/>
        <line num="417" count="2" type="stmt"/>
        <line num="419" count="2" type="stmt"/>
        <line num="420" count="2" type="cond" truecount="2" falsecount="0"/>
        <line num="421" count="1" type="stmt"/>
        <line num="425" count="1" type="stmt"/>
        <line num="426" count="1" type="stmt"/>
        <line num="429" count="1" type="stmt"/>
        <line num="430" count="1" type="stmt"/>
        <line num="433" count="1" type="stmt"/>
        <line num="439" count="1" type="stmt"/>
        <line num="442" count="1" type="stmt"/>
        <line num="449" count="1" type="stmt"/>
        <line num="452" count="1" type="stmt"/>
        <line num="453" count="1" type="cond" truecount="1" falsecount="1"/>
        <line num="454" count="1" type="stmt"/>
        <line num="458" count="1" type="stmt"/>
        <line num="462" count="1" type="stmt"/>
        <line num="471" count="1" type="stmt"/>
        <line num="472" count="3" type="cond" truecount="1" falsecount="1"/>
        <line num="473" count="3" type="stmt"/>
        <line num="478" count="1" type="stmt"/>
        <line num="486" count="1" type="stmt"/>
        <line num="492" count="1" type="stmt"/>
        <line num="493" count="1" type="stmt"/>
        <line num="500" count="1" type="stmt"/>
        <line num="509" count="1" type="stmt"/>
        <line num="511" count="1" type="stmt"/>
        <line num="514" count="0" type="stmt"/>
        <line num="515" count="0" type="stmt"/>
        <line num="517" count="2" type="stmt"/>
        <line num="526" count="5" type="stmt"/>
        <line num="528" count="5" type="stmt"/>
        <line num="529" count="5" type="cond" truecount="2" falsecount="0"/>
        <line num="531" count="5" type="cond" truecount="1" falsecount="1"/>
        <line num="532" count="5" type="cond" truecount="1" falsecount="1"/>
        <line num="533" count="5" type="cond" truecount="1" falsecount="1"/>
        <line num="535" count="5" type="stmt"/>
        <line num="538" count="5" type="stmt"/>
        <line num="539" count="5" type="stmt"/>
        <line num="542" count="5" type="stmt"/>
        <line num="543" count="5" type="stmt"/>
        <line num="545" count="5" type="cond" truecount="2" falsecount="0"/>
        <line num="546" count="1" type="stmt"/>
        <line num="547" count="1" type="stmt"/>
        <line num="548" count="1" type="stmt"/>
        <line num="551" count="5" type="cond" truecount="4" falsecount="0"/>
        <line num="552" count="1" type="stmt"/>
        <line num="553" count="1" type="stmt"/>
        <line num="556" count="5" type="cond" truecount="2" falsecount="2"/>
        <line num="557" count="0" type="stmt"/>
        <line num="558" count="0" type="stmt"/>
        <line num="561" count="5" type="stmt"/>
        <line num="564" count="5" type="stmt"/>
        <line num="565" count="5" type="stmt"/>
        <line num="566" count="5" type="stmt"/>
        <line num="569" count="5" type="stmt"/>
        <line num="579" count="5" type="stmt"/>
        <line num="581" count="5" type="stmt"/>
        <line num="583" count="5" type="stmt"/>
        <line num="585" count="5" type="stmt"/>
        <line num="594" count="0" type="stmt"/>
        <line num="595" count="0" type="cond" truecount="0" falsecount="2"/>
        <line num="596" count="0" type="stmt"/>
        <line num="598" count="0" type="stmt"/>
        <line num="600" count="5" type="stmt"/>
        <line num="609" count="3" type="stmt"/>
        <line num="611" count="3" type="stmt"/>
        <line num="612" count="3" type="stmt"/>
        <line num="615" count="3" type="stmt"/>
        <line num="616" count="3" type="stmt"/>
        <line num="618" count="3" type="stmt"/>
        <line num="621" count="3" type="stmt"/>
        <line num="626" count="3" type="cond" truecount="1" falsecount="1"/>
        <line num="627" count="0" type="stmt"/>
        <line num="628" count="0" type="stmt"/>
        <line num="631" count="3" type="stmt"/>
        <line num="634" count="3" type="cond" truecount="2" falsecount="0"/>
        <line num="635" count="1" type="stmt"/>
        <line num="636" count="1" type="stmt"/>
        <line num="640" count="2" type="cond" truecount="4" falsecount="0"/>
        <line num="641" count="1" type="stmt"/>
        <line num="642" count="1" type="stmt"/>
        <line num="649" count="1" type="stmt"/>
        <line num="660" count="1" type="stmt"/>
        <line num="666" count="1" type="stmt"/>
        <line num="668" count="1" type="stmt"/>
        <line num="680" count="0" type="stmt"/>
        <line num="681" count="0" type="stmt"/>
        <line num="682" count="0" type="cond" truecount="0" falsecount="2"/>
        <line num="683" count="0" type="stmt"/>
        <line num="685" count="3" type="stmt"/>
        <line num="694" count="1" type="stmt"/>
        <line num="696" count="1" type="stmt"/>
        <line num="697" count="1" type="stmt"/>
        <line num="700" count="1" type="stmt"/>
        <line num="701" count="1" type="stmt"/>
        <line num="703" count="1" type="stmt"/>
        <line num="706" count="1" type="stmt"/>
        <line num="707" count="1" type="cond" truecount="1" falsecount="1"/>
        <line num="708" count="0" type="stmt"/>
        <line num="709" count="0" type="stmt"/>
        <line num="712" count="1" type="stmt"/>
        <line num="715" count="1" type="stmt"/>
        <line num="726" count="1" type="stmt"/>
        <line num="732" count="1" type="stmt"/>
        <line num="734" count="1" type="stmt"/>
        <line num="740" count="0" type="stmt"/>
        <line num="741" count="0" type="stmt"/>
        <line num="742" count="0" type="cond" truecount="0" falsecount="2"/>
        <line num="743" count="0" type="stmt"/>
        <line num="745" count="1" type="stmt"/>
        <line num="754" count="4" type="cond" truecount="2" falsecount="0"/>
        <line num="755" count="1" type="stmt"/>
        <line num="758" count="3" type="stmt"/>
        <line num="759" count="3" type="stmt"/>
        <line num="761" count="3" type="stmt"/>
        <line num="762" count="3" type="stmt"/>
        <line num="764" count="3" type="stmt"/>
        <line num="771" count="3" type="cond" truecount="1" falsecount="1"/>
        <line num="772" count="0" type="stmt"/>
        <line num="776" count="3" type="stmt"/>
        <line num="777" count="3" type="stmt"/>
        <line num="779" count="3" type="stmt"/>
        <line num="780" count="3" type="stmt"/>
        <line num="782" count="3" type="stmt"/>
        <line num="784" count="3" type="stmt"/>
        <line num="785" count="8" type="stmt"/>
        <line num="786" count="8" type="stmt"/>
        <line num="789" count="8" type="cond" truecount="3" falsecount="0"/>
        <line num="790" count="8" type="cond" truecount="1" falsecount="1"/>
        <line num="791" count="8" type="cond" truecount="1" falsecount="1"/>
        <line num="792" count="8" type="cond" truecount="1" falsecount="1"/>
        <line num="793" count="8" type="cond" truecount="1" falsecount="2"/>
        <line num="795" count="8" type="cond" truecount="7" falsecount="0"/>
        <line num="796" count="1" type="stmt"/>
        <line num="797" count="1" type="stmt"/>
        <line num="801" count="7" type="cond" truecount="2" falsecount="0"/>
        <line num="802" count="1" type="stmt"/>
        <line num="803" count="1" type="stmt"/>
        <line num="806" count="6" type="cond" truecount="2" falsecount="0"/>
        <line num="807" count="2" type="stmt"/>
        <line num="808" count="2" type="stmt"/>
        <line num="812" count="4" type="stmt"/>
        <line num="817" count="4" type="cond" truecount="2" falsecount="0"/>
        <line num="818" count="2" type="stmt"/>
        <line num="819" count="2" type="stmt"/>
        <line num="822" count="2" type="stmt"/>
        <line num="826" count="3" type="cond" truecount="2" falsecount="0"/>
        <line num="827" count="2" type="stmt"/>
        <line num="832" count="2" type="stmt"/>
        <line num="833" count="2" type="stmt"/>
        <line num="835" count="2" type="stmt"/>
        <line num="836" count="2" type="stmt"/>
        <line num="837" count="2" type="stmt"/>
        <line num="838" count="2" type="stmt"/>
        <line num="841" count="2" type="stmt"/>
        <line num="847" count="2" type="stmt"/>
        <line num="848" count="2" type="stmt"/>
        <line num="851" count="2" type="stmt"/>
        <line num="852" count="2" type="stmt"/>
        <line num="854" count="2" type="stmt"/>
        <line num="855" count="2" type="stmt"/>
        <line num="856" count="2" type="stmt"/>
        <line num="857" count="2" type="stmt"/>
        <line num="860" count="2" type="stmt"/>
        <line num="865" count="2" type="stmt"/>
        <line num="867" count="2" type="stmt"/>
        <line num="868" count="2" type="stmt"/>
        <line num="871" count="3" type="stmt"/>
        <line num="874" count="0" type="cond" truecount="0" falsecount="2"/>
        <line num="875" count="0" type="stmt"/>
        <line num="876" count="0" type="stmt"/>
        <line num="878" count="3" type="stmt"/>
        <line num="882" count="7" type="stmt"/>
      </file>
    </package>
    <package name="jobs">
      <metrics statements="42" coveredstatements="39" conditionals="8" coveredconditionals="7" methods="4" coveredmethods="4"/>
      <file name="leadArchiveJob.js" path="C:\Users\ANULAL\Desktop\Maitexa\acadeno_lms\lms_backend\src\jobs\leadArchiveJob.js">
        <metrics statements="42" coveredstatements="39" conditionals="8" coveredconditionals="7" methods="4" coveredmethods="4"/>
        <line num="1" count="1" type="stmt"/>
        <line num="2" count="1" type="stmt"/>
        <line num="3" count="1" type="stmt"/>
        <line num="5" count="1" type="cond" truecount="2" falsecount="0"/>
        <line num="6" count="1" type="cond" truecount="2" falsecount="0"/>
        <line num="12" count="2" type="stmt"/>
        <line num="13" count="2" type="stmt"/>
        <line num="15" count="2" type="stmt"/>
        <line num="22" count="2" type="stmt"/>
        <line num="23" count="2" type="stmt"/>
        <line num="25" count="2" type="stmt"/>
        <line num="26" count="1" type="stmt"/>
        <line num="27" count="1" type="stmt"/>
        <line num="29" count="1" type="stmt"/>
        <line num="35" count="1" type="stmt"/>
        <line num="40" count="1" type="stmt"/>
        <line num="43" count="1" type="stmt"/>
        <line num="49" count="0" type="stmt"/>
        <line num="50" count="0" type="stmt"/>
        <line num="54" count="2" type="cond" truecount="2" falsecount="0"/>
        <line num="55" count="1" type="stmt"/>
        <line num="58" count="0" type="stmt"/>
        <line num="60" count="2" type="stmt"/>
        <line num="68" count="2" type="stmt"/>
        <line num="69" count="2" type="stmt"/>
        <line num="71" count="2" type="stmt"/>
        <line num="79" count="2" type="stmt"/>
        <line num="80" count="2" type="stmt"/>
        <line num="82" count="1" type="stmt"/>
        <line num="83" count="1" type="stmt"/>
        <line num="84" count="1" type="stmt"/>
        <line num="93" count="1" type="cond" truecount="1" falsecount="1"/>
        <line num="94" count="1" type="stmt"/>
        <line num="97" count="1" type="stmt"/>
        <line num="99" count="2" type="stmt"/>
        <line num="107" count="3" type="stmt"/>
        <line num="109" count="3" type="stmt"/>
        <line num="110" count="2" type="stmt"/>
        <line num="111" count="2" type="stmt"/>
        <line num="112" count="2" type="stmt"/>
        <line num="113" count="2" type="stmt"/>
        <line num="117" count="1" type="stmt"/>
      </file>
    </package>
    <package name="middleware">
      <metrics statements="40" coveredstatements="26" conditionals="34" coveredconditionals="17" methods="5" coveredmethods="4"/>
      <file name="authenticate.js" path="C:\Users\ANULAL\Desktop\Maitexa\acadeno_lms\lms_backend\src\middleware\authenticate.js">
        <metrics statements="18" coveredstatements="10" conditionals="10" coveredconditionals="4" methods="1" coveredmethods="1"/>
        <line num="12" count="10" type="stmt"/>
        <line num="16" count="34" type="stmt"/>
        <line num="18" count="34" type="cond" truecount="3" falsecount="1"/>
        <line num="19" count="0" type="stmt"/>
        <line num="25" count="34" type="stmt"/>
        <line num="27" count="34" type="cond" truecount="1" falsecount="1"/>
        <line num="28" count="0" type="stmt"/>
        <line num="33" count="34" type="stmt"/>
        <line num="35" count="34" type="stmt"/>
        <line num="39" count="34" type="stmt"/>
        <line num="45" count="34" type="stmt"/>
        <line num="48" count="0" type="cond" truecount="0" falsecount="2"/>
        <line num="49" count="0" type="stmt"/>
        <line num="55" count="0" type="cond" truecount="0" falsecount="2"/>
        <line num="56" count="0" type="stmt"/>
        <line num="63" count="0" type="stmt"/>
        <line num="64" count="0" type="stmt"/>
        <line num="70" count="10" type="stmt"/>
      </file>
      <file name="authorize.js" path="C:\Users\ANULAL\Desktop\Maitexa\acadeno_lms\lms_backend\src\middleware\authorize.js">
        <metrics statements="22" coveredstatements="16" conditionals="24" coveredconditionals="13" methods="4" coveredmethods="3"/>
        <line num="8" count="7" type="stmt"/>
        <line num="11" count="70" type="stmt"/>
        <line num="13" count="34" type="cond" truecount="3" falsecount="1"/>
        <line num="14" count="0" type="stmt"/>
        <line num="20" count="34" type="stmt"/>
        <line num="21" count="34" type="cond" truecount="1" falsecount="1"/>
        <line num="26" count="34" type="cond" truecount="2" falsecount="2"/>
        <line num="27" count="0" type="stmt"/>
        <line num="35" count="34" type="cond" truecount="2" falsecount="2"/>
        <line num="36" count="0" type="stmt"/>
        <line num="37" count="0" type="stmt"/>
        <line num="39" count="0" type="cond" truecount="0" falsecount="2"/>
        <line num="40" count="0" type="stmt"/>
        <line num="48" count="34" type="cond" truecount="1" falsecount="1"/>
        <line num="49" count="34" type="cond" truecount="1" falsecount="1"/>
        <line num="52" count="34" type="stmt"/>
        <line num="53" count="34" type="cond" truecount="1" falsecount="1"/>
        <line num="54" count="34" type="stmt"/>
        <line num="57" count="34" type="cond" truecount="2" falsecount="0"/>
        <line num="58" count="1" type="stmt"/>
        <line num="66" count="33" type="stmt"/>
        <line num="70" count="7" type="stmt"/>
      </file>
    </package>
    <package name="routes">
      <metrics statements="31" coveredstatements="31" conditionals="0" coveredconditionals="0" methods="0" coveredmethods="0"/>
      <file name="auth.js" path="C:\Users\ANULAL\Desktop\Maitexa\acadeno_lms\lms_backend\src\routes\auth.js">
        <metrics statements="12" coveredstatements="12" conditionals="0" coveredconditionals="0" methods="0" coveredmethods="0"/>
        <line num="7" count="3" type="stmt"/>
        <line num="8" count="3" type="stmt"/>
        <line num="10" count="3" type="stmt"/>
        <line num="11" count="3" type="stmt"/>
        <line num="14" count="3" type="stmt"/>
        <line num="17" count="3" type="stmt"/>
        <line num="20" count="3" type="stmt"/>
        <line num="23" count="3" type="stmt"/>
        <line num="26" count="3" type="stmt"/>
        <line num="29" count="3" type="stmt"/>
        <line num="32" count="3" type="stmt"/>
        <line num="34" count="3" type="stmt"/>
      </file>
      <file name="leads.js" path="C:\Users\ANULAL\Desktop\Maitexa\acadeno_lms\lms_backend\src\routes\leads.js">
        <metrics statements="19" coveredstatements="19" conditionals="0" coveredconditionals="0" methods="0" coveredmethods="0"/>
        <line num="5" count="7" type="stmt"/>
        <line num="6" count="7" type="stmt"/>
        <line num="7" count="7" type="stmt"/>
        <line num="9" count="7" type="stmt"/>
        <line num="10" count="7" type="stmt"/>
        <line num="19" count="7" type="stmt"/>
        <line num="20" count="7" type="stmt"/>
        <line num="21" count="7" type="stmt"/>
        <line num="28" count="7" type="stmt"/>
        <line num="39" count="7" type="stmt"/>
        <line num="50" count="7" type="stmt"/>
        <line num="61" count="7" type="stmt"/>
        <line num="72" count="7" type="stmt"/>
        <line num="83" count="7" type="stmt"/>
        <line num="94" count="7" type="stmt"/>
        <line num="105" count="7" type="stmt"/>
        <line num="116" count="7" type="stmt"/>
        <line num="127" count="7" type="stmt"/>
        <line num="135" count="7" type="stmt"/>
      </file>
    </package>
    <package name="utils">
      <metrics statements="23" coveredstatements="17" conditionals="2" coveredconditionals="0" methods="9" coveredmethods="6"/>
      <file name="csvParser.js" path="C:\Users\ANULAL\Desktop\Maitexa\acadeno_lms\lms_backend\src\utils\csvParser.js">
        <metrics statements="11" coveredstatements="10" conditionals="0" coveredconditionals="0" methods="6" coveredmethods="5"/>
        <line num="1" count="7" type="stmt"/>
        <line num="2" count="7" type="stmt"/>
        <line num="10" count="3" type="stmt"/>
        <line num="11" count="3" type="stmt"/>
        <line num="13" count="3" type="stmt"/>
        <line num="15" count="3" type="stmt"/>
        <line num="17" count="15" type="stmt"/>
        <line num="19" count="8" type="stmt"/>
        <line num="20" count="3" type="stmt"/>
        <line num="21" count="0" type="stmt"/>
        <line num="25" count="7" type="stmt"/>
      </file>
      <file name="redis.js" path="C:\Users\ANULAL\Desktop\Maitexa\acadeno_lms\lms_backend\src\utils\redis.js">
        <metrics statements="12" coveredstatements="7" conditionals="2" coveredconditionals="0" methods="3" coveredmethods="1"/>
        <line num="1" count="7" type="stmt"/>
        <line num="2" count="7" type="stmt"/>
        <line num="4" count="7" type="stmt"/>
        <line num="6" count="0" type="cond" truecount="0" falsecount="2"/>
        <line num="7" count="0" type="stmt"/>
        <line num="8" count="0" type="stmt"/>
        <line num="10" count="0" type="stmt"/>
        <line num="14" count="7" type="stmt"/>
        <line num="15" count="7" type="stmt"/>
        <line num="18" count="7" type="stmt"/>
        <line num="19" count="0" type="stmt"/>
        <line num="22" count="7" type="stmt"/>
      </file>
    </package>
  </project>
</coverage>
