{"C:\\Users\\ANULAL\\Desktop\\Maitexa\\acadeno_lms\\lms_backend\\src\\config\\permissions.js": {"path":"C:\\Users\\ANULAL\\Desktop\\Maitexa\\acadeno_lms\\lms_backend\\src\\config\\permissions.js","statementMap":{"0":{"start":{"line":11,"column":23},"end":{"line":17,"column":1}},"1":{"start":{"line":20,"column":20},"end":{"line":37,"column":1}},"2":{"start":{"line":39,"column":0},"end":{"line":39,"column":49}}},"fnMap":{},"branchMap":{},"s":{"0":7,"1":7,"2":7},"f":{},"b":{},"_coverageSchema":"1a1c01bbd47fc00a2c39e90264f33305004495a9","hash":"83b0d0ff4f94b98485c969512b61e06b28b2d2c4"}
,"C:\\Users\\ANULAL\\Desktop\\Maitexa\\acadeno_lms\\lms_backend\\src\\controllers\\authController.js": {"path":"C:\\Users\\ANULAL\\Desktop\\Maitexa\\acadeno_lms\\lms_backend\\src\\controllers\\authController.js","statementMap":{"0":{"start":{"line":9,"column":15},"end":{"line":9,"column":32}},"1":{"start":{"line":10,"column":15},"end":{"line":10,"column":32}},"2":{"start":{"line":11,"column":17},"end":{"line":11,"column":39}},"3":{"start":{"line":12,"column":27},"end":{"line":12,"column":50}},"4":{"start":{"line":13,"column":43},"end":{"line":13,"column":78}},"5":{"start":{"line":14,"column":14},"end":{"line":14,"column":39}},"6":{"start":{"line":19,"column":28},"end":{"line":19,"column":29}},"7":{"start":{"line":20,"column":28},"end":{"line":20,"column":30}},"8":{"start":{"line":21,"column":28},"end":{"line":21,"column":30}},"9":{"start":{"line":24,"column":30},"end":{"line":24,"column":33}},"10":{"start":{"line":25,"column":30},"end":{"line":25,"column":33}},"11":{"start":{"line":26,"column":30},"end":{"line":26,"column":31}},"12":{"start":{"line":27,"column":30},"end":{"line":27,"column":33}},"13":{"start":{"line":34,"column":23},"end":{"line":34,"column":92}},"14":{"start":{"line":37,"column":31},"end":{"line":43,"column":1}},"15":{"start":{"line":52,"column":15},"end":{"line":52,"column":51}},"16":{"start":{"line":53,"column":15},"end":{"line":53,"column":51}},"17":{"start":{"line":54,"column":2},"end":{"line":57,"column":19}},"18":{"start":{"line":69,"column":2},"end":{"line":76,"column":4}},"19":{"start":{"line":79,"column":40},"end":{"line":79,"column":60}},"20":{"start":{"line":82,"column":20},"end":{"line":85,"column":18}},"21":{"start":{"line":87,"column":28},"end":{"line":87,"column":57}},"22":{"start":{"line":90,"column":27},"end":{"line":90,"column":81}},"23":{"start":{"line":91,"column":20},"end":{"line":91,"column":66}},"24":{"start":{"line":94,"column":2},"end":{"line":98,"column":4}},"25":{"start":{"line":101,"column":2},"end":{"line":106,"column":4}},"26":{"start":{"line":109,"column":2},"end":{"line":109,"column":67}},"27":{"start":{"line":112,"column":2},"end":{"line":119,"column":5}},"28":{"start":{"line":126,"column":17},"end":{"line":126,"column":37}},"29":{"start":{"line":128,"column":2},"end":{"line":128,"column":89}},"30":{"start":{"line":130,"column":2},"end":{"line":274,"column":3}},"31":{"start":{"line":131,"column":32},"end":{"line":131,"column":40}},"32":{"start":{"line":134,"column":4},"end":{"line":139,"column":5}},"33":{"start":{"line":135,"column":6},"end":{"line":138,"column":9}},"34":{"start":{"line":141,"column":23},"end":{"line":141,"column":51}},"35":{"start":{"line":142,"column":4},"end":{"line":147,"column":5}},"36":{"start":{"line":143,"column":6},"end":{"line":146,"column":9}},"37":{"start":{"line":150,"column":23},"end":{"line":156,"column":5}},"38":{"start":{"line":158,"column":4},"end":{"line":160,"column":5}},"39":{"start":{"line":159,"column":6},"end":{"line":159,"column":68}},"40":{"start":{"line":162,"column":17},"end":{"line":162,"column":35}},"41":{"start":{"line":165,"column":4},"end":{"line":167,"column":5}},"42":{"start":{"line":166,"column":6},"end":{"line":166,"column":68}},"43":{"start":{"line":170,"column":4},"end":{"line":175,"column":5}},"44":{"start":{"line":171,"column":6},"end":{"line":174,"column":9}},"45":{"start":{"line":178,"column":26},"end":{"line":178,"column":76}},"46":{"start":{"line":180,"column":4},"end":{"line":219,"column":5}},"47":{"start":{"line":182,"column":29},"end":{"line":182,"column":63}},"48":{"start":{"line":185,"column":6},"end":{"line":207,"column":7}},"49":{"start":{"line":186,"column":27},"end":{"line":194,"column":9}},"50":{"start":{"line":196,"column":28},"end":{"line":196,"column":59}},"51":{"start":{"line":199,"column":8},"end":{"line":201,"column":11}},"52":{"start":{"line":200,"column":10},"end":{"line":200,"column":70}},"53":{"start":{"line":203,"column":8},"end":{"line":206,"column":11}},"54":{"start":{"line":210,"column":6},"end":{"line":216,"column":8}},"55":{"start":{"line":218,"column":6},"end":{"line":218,"column":68}},"56":{"start":{"line":224,"column":30},"end":{"line":224,"column":59}},"57":{"start":{"line":226,"column":4},"end":{"line":264,"column":5}},"58":{"start":{"line":228,"column":28},"end":{"line":232,"column":7}},"59":{"start":{"line":234,"column":6},"end":{"line":261,"column":7}},"60":{"start":{"line":237,"column":8},"end":{"line":244,"column":10}},"61":{"start":{"line":248,"column":23},"end":{"line":248,"column":92}},"62":{"start":{"line":249,"column":23},"end":{"line":249,"column":43}},"63":{"start":{"line":250,"column":8},"end":{"line":250,"column":67}},"64":{"start":{"line":253,"column":8},"end":{"line":255,"column":11}},"65":{"start":{"line":254,"column":10},"end":{"line":254,"column":70}},"66":{"start":{"line":257,"column":8},"end":{"line":260,"column":11}},"67":{"start":{"line":267,"column":4},"end":{"line":267,"column":63}},"68":{"start":{"line":270,"column":4},"end":{"line":270,"column":47}},"69":{"start":{"line":271,"column":4},"end":{"line":271,"column":68}},"70":{"start":{"line":273,"column":4},"end":{"line":273,"column":21}},"71":{"start":{"line":289,"column":17},"end":{"line":289,"column":37}},"72":{"start":{"line":291,"column":2},"end":{"line":291,"column":89}},"73":{"start":{"line":294,"column":2},"end":{"line":428,"column":3}},"74":{"start":{"line":296,"column":21},"end":{"line":296,"column":46}},"75":{"start":{"line":298,"column":4},"end":{"line":303,"column":5}},"76":{"start":{"line":299,"column":6},"end":{"line":302,"column":9}},"77":{"start":{"line":306,"column":22},"end":{"line":309,"column":20}},"78":{"start":{"line":311,"column":24},"end":{"line":316,"column":5}},"79":{"start":{"line":319,"column":4},"end":{"line":325,"column":5}},"80":{"start":{"line":320,"column":6},"end":{"line":320,"column":57}},"81":{"start":{"line":321,"column":6},"end":{"line":324,"column":9}},"82":{"start":{"line":327,"column":24},"end":{"line":327,"column":43}},"83":{"start":{"line":332,"column":4},"end":{"line":346,"column":5}},"84":{"start":{"line":333,"column":6},"end":{"line":339,"column":8}},"85":{"start":{"line":341,"column":6},"end":{"line":341,"column":57}},"86":{"start":{"line":342,"column":6},"end":{"line":345,"column":9}},"87":{"start":{"line":349,"column":4},"end":{"line":363,"column":5}},"88":{"start":{"line":351,"column":6},"end":{"line":356,"column":8}},"89":{"start":{"line":358,"column":6},"end":{"line":358,"column":57}},"90":{"start":{"line":359,"column":6},"end":{"line":362,"column":9}},"91":{"start":{"line":368,"column":4},"end":{"line":373,"column":6}},"92":{"start":{"line":376,"column":23},"end":{"line":381,"column":5}},"93":{"start":{"line":383,"column":4},"end":{"line":389,"column":5}},"94":{"start":{"line":384,"column":6},"end":{"line":384,"column":57}},"95":{"start":{"line":385,"column":6},"end":{"line":388,"column":9}},"96":{"start":{"line":391,"column":17},"end":{"line":391,"column":35}},"97":{"start":{"line":394,"column":59},"end":{"line":394,"column":79}},"98":{"start":{"line":397,"column":25},"end":{"line":400,"column":20}},"99":{"start":{"line":402,"column":30},"end":{"line":402,"column":68}},"100":{"start":{"line":403,"column":29},"end":{"line":403,"column":83}},"101":{"start":{"line":404,"column":22},"end":{"line":404,"column":68}},"102":{"start":{"line":406,"column":4},"end":{"line":410,"column":6}},"103":{"start":{"line":413,"column":4},"end":{"line":413,"column":72}},"104":{"start":{"line":415,"column":4},"end":{"line":422,"column":7}},"105":{"start":{"line":424,"column":4},"end":{"line":424,"column":49}},"106":{"start":{"line":425,"column":4},"end":{"line":425,"column":68}},"107":{"start":{"line":427,"column":4},"end":{"line":427,"column":21}},"108":{"start":{"line":437,"column":17},"end":{"line":437,"column":37}},"109":{"start":{"line":439,"column":2},"end":{"line":439,"column":89}},"110":{"start":{"line":442,"column":2},"end":{"line":470,"column":3}},"111":{"start":{"line":443,"column":21},"end":{"line":443,"column":46}},"112":{"start":{"line":445,"column":4},"end":{"line":459,"column":5}},"113":{"start":{"line":446,"column":24},"end":{"line":449,"column":22}},"114":{"start":{"line":452,"column":6},"end":{"line":458,"column":8}},"115":{"start":{"line":462,"column":4},"end":{"line":462,"column":55}},"116":{"start":{"line":464,"column":4},"end":{"line":464,"column":72}},"117":{"start":{"line":466,"column":4},"end":{"line":466,"column":48}},"118":{"start":{"line":467,"column":4},"end":{"line":467,"column":68}},"119":{"start":{"line":469,"column":4},"end":{"line":469,"column":21}},"120":{"start":{"line":481,"column":17},"end":{"line":481,"column":37}},"121":{"start":{"line":483,"column":2},"end":{"line":483,"column":89}},"122":{"start":{"line":486,"column":2},"end":{"line":550,"column":3}},"123":{"start":{"line":487,"column":22},"end":{"line":487,"column":30}},"124":{"start":{"line":489,"column":4},"end":{"line":494,"column":5}},"125":{"start":{"line":490,"column":6},"end":{"line":493,"column":9}},"126":{"start":{"line":496,"column":28},"end":{"line":496,"column":54}},"127":{"start":{"line":499,"column":25},"end":{"line":499,"column":59}},"128":{"start":{"line":500,"column":25},"end":{"line":500,"column":54}},"129":{"start":{"line":502,"column":4},"end":{"line":507,"column":5}},"130":{"start":{"line":503,"column":6},"end":{"line":506,"column":9}},"131":{"start":{"line":510,"column":27},"end":{"line":510,"column":72}},"132":{"start":{"line":513,"column":23},"end":{"line":516,"column":5}},"133":{"start":{"line":518,"column":4},"end":{"line":521,"column":5}},"134":{"start":{"line":520,"column":6},"end":{"line":520,"column":63}},"135":{"start":{"line":523,"column":17},"end":{"line":523,"column":35}},"136":{"start":{"line":526,"column":16},"end":{"line":526,"column":85}},"137":{"start":{"line":529,"column":19},"end":{"line":529,"column":41}},"138":{"start":{"line":530,"column":4},"end":{"line":530,"column":56}},"139":{"start":{"line":533,"column":21},"end":{"line":533,"column":51}},"140":{"start":{"line":534,"column":4},"end":{"line":537,"column":5}},"141":{"start":{"line":536,"column":6},"end":{"line":536,"column":62}},"142":{"start":{"line":540,"column":4},"end":{"line":542,"column":7}},"143":{"start":{"line":541,"column":6},"end":{"line":541,"column":62}},"144":{"start":{"line":544,"column":4},"end":{"line":544,"column":61}},"145":{"start":{"line":546,"column":4},"end":{"line":546,"column":57}},"146":{"start":{"line":547,"column":4},"end":{"line":547,"column":68}},"147":{"start":{"line":549,"column":4},"end":{"line":549,"column":21}},"148":{"start":{"line":560,"column":17},"end":{"line":560,"column":37}},"149":{"start":{"line":562,"column":2},"end":{"line":562,"column":89}},"150":{"start":{"line":565,"column":2},"end":{"line":650,"column":3}},"151":{"start":{"line":566,"column":40},"end":{"line":566,"column":48}},"152":{"start":{"line":569,"column":4},"end":{"line":574,"column":5}},"153":{"start":{"line":570,"column":6},"end":{"line":573,"column":9}},"154":{"start":{"line":577,"column":4},"end":{"line":582,"column":5}},"155":{"start":{"line":578,"column":6},"end":{"line":581,"column":9}},"156":{"start":{"line":584,"column":28},"end":{"line":584,"column":54}},"157":{"start":{"line":587,"column":23},"end":{"line":590,"column":5}},"158":{"start":{"line":592,"column":4},"end":{"line":595,"column":5}},"159":{"start":{"line":594,"column":6},"end":{"line":594,"column":60}},"160":{"start":{"line":597,"column":17},"end":{"line":597,"column":35}},"161":{"start":{"line":600,"column":19},"end":{"line":600,"column":41}},"162":{"start":{"line":601,"column":22},"end":{"line":601,"column":45}},"163":{"start":{"line":603,"column":4},"end":{"line":608,"column":5}},"164":{"start":{"line":604,"column":6},"end":{"line":607,"column":9}},"165":{"start":{"line":610,"column":4},"end":{"line":615,"column":5}},"166":{"start":{"line":611,"column":6},"end":{"line":614,"column":9}},"167":{"start":{"line":618,"column":25},"end":{"line":618,"column":70}},"168":{"start":{"line":620,"column":4},"end":{"line":628,"column":6}},"169":{"start":{"line":631,"column":4},"end":{"line":631,"column":28}},"170":{"start":{"line":634,"column":4},"end":{"line":640,"column":6}},"171":{"start":{"line":642,"column":4},"end":{"line":644,"column":7}},"172":{"start":{"line":646,"column":4},"end":{"line":646,"column":56}},"173":{"start":{"line":647,"column":4},"end":{"line":647,"column":68}},"174":{"start":{"line":649,"column":4},"end":{"line":649,"column":21}},"175":{"start":{"line":660,"column":17},"end":{"line":660,"column":37}},"176":{"start":{"line":662,"column":2},"end":{"line":662,"column":89}},"177":{"start":{"line":665,"column":2},"end":{"line":737,"column":3}},"178":{"start":{"line":666,"column":41},"end":{"line":666,"column":49}},"179":{"start":{"line":669,"column":4},"end":{"line":674,"column":5}},"180":{"start":{"line":670,"column":6},"end":{"line":673,"column":9}},"181":{"start":{"line":676,"column":28},"end":{"line":676,"column":54}},"182":{"start":{"line":679,"column":23},"end":{"line":684,"column":5}},"183":{"start":{"line":686,"column":4},"end":{"line":691,"column":5}},"184":{"start":{"line":687,"column":6},"end":{"line":690,"column":9}},"185":{"start":{"line":693,"column":17},"end":{"line":693,"column":35}},"186":{"start":{"line":696,"column":21},"end":{"line":696,"column":41}},"187":{"start":{"line":697,"column":22},"end":{"line":697,"column":45}},"188":{"start":{"line":699,"column":4},"end":{"line":704,"column":5}},"189":{"start":{"line":700,"column":6},"end":{"line":703,"column":9}},"190":{"start":{"line":706,"column":4},"end":{"line":711,"column":5}},"191":{"start":{"line":707,"column":6},"end":{"line":710,"column":9}},"192":{"start":{"line":714,"column":4},"end":{"line":714,"column":28}},"193":{"start":{"line":717,"column":4},"end":{"line":728,"column":5}},"194":{"start":{"line":718,"column":32},"end":{"line":718,"column":61}},"195":{"start":{"line":721,"column":6},"end":{"line":727,"column":8}},"196":{"start":{"line":731,"column":4},"end":{"line":731,"column":63}},"197":{"start":{"line":733,"column":4},"end":{"line":733,"column":52}},"198":{"start":{"line":734,"column":4},"end":{"line":734,"column":68}},"199":{"start":{"line":736,"column":4},"end":{"line":736,"column":21}},"200":{"start":{"line":749,"column":17},"end":{"line":749,"column":37}},"201":{"start":{"line":751,"column":2},"end":{"line":751,"column":66}},"202":{"start":{"line":754,"column":2},"end":{"line":775,"column":3}},"203":{"start":{"line":756,"column":19},"end":{"line":756,"column":35}},"204":{"start":{"line":758,"column":19},"end":{"line":763,"column":5}},"205":{"start":{"line":765,"column":4},"end":{"line":767,"column":5}},"206":{"start":{"line":766,"column":6},"end":{"line":766,"column":75}},"207":{"start":{"line":769,"column":4},"end":{"line":769,"column":48}},"208":{"start":{"line":771,"column":4},"end":{"line":771,"column":47}},"209":{"start":{"line":772,"column":4},"end":{"line":772,"column":68}},"210":{"start":{"line":774,"column":4},"end":{"line":774,"column":21}},"211":{"start":{"line":778,"column":0},"end":{"line":778,"column":93}}},"fnMap":{"0":{"name":"computeDeviceFingerprint","decl":{"start":{"line":51,"column":9},"end":{"line":51,"column":33}},"loc":{"start":{"line":51,"column":39},"end":{"line":58,"column":1}},"line":51},"1":{"name":"issueTokensAndRespond","decl":{"start":{"line":67,"column":15},"end":{"line":67,"column":36}},"loc":{"start":{"line":67,"column":61},"end":{"line":120,"column":1}},"line":67},"2":{"name":"login","decl":{"start":{"line":125,"column":15},"end":{"line":125,"column":20}},"loc":{"start":{"line":125,"column":31},"end":{"line":275,"column":1}},"line":125},"3":{"name":"(anonymous_3)","decl":{"start":{"line":199,"column":56},"end":{"line":199,"column":57}},"loc":{"start":{"line":199,"column":65},"end":{"line":201,"column":9}},"line":199},"4":{"name":"(anonymous_4)","decl":{"start":{"line":253,"column":54},"end":{"line":253,"column":55}},"loc":{"start":{"line":253,"column":63},"end":{"line":255,"column":9}},"line":253},"5":{"name":"refresh","decl":{"start":{"line":288,"column":15},"end":{"line":288,"column":22}},"loc":{"start":{"line":288,"column":33},"end":{"line":429,"column":1}},"line":288},"6":{"name":"logout","decl":{"start":{"line":436,"column":15},"end":{"line":436,"column":21}},"loc":{"start":{"line":436,"column":32},"end":{"line":471,"column":1}},"line":436},"7":{"name":"forgotPassword","decl":{"start":{"line":480,"column":15},"end":{"line":480,"column":29}},"loc":{"start":{"line":480,"column":40},"end":{"line":551,"column":1}},"line":480},"8":{"name":"(anonymous_8)","decl":{"start":{"line":540,"column":49},"end":{"line":540,"column":50}},"loc":{"start":{"line":540,"column":58},"end":{"line":542,"column":5}},"line":540},"9":{"name":"resetPassword","decl":{"start":{"line":559,"column":15},"end":{"line":559,"column":28}},"loc":{"start":{"line":559,"column":39},"end":{"line":651,"column":1}},"line":559},"10":{"name":"verifyMfa","decl":{"start":{"line":659,"column":15},"end":{"line":659,"column":24}},"loc":{"start":{"line":659,"column":35},"end":{"line":738,"column":1}},"line":659},"11":{"name":"getMe","decl":{"start":{"line":748,"column":15},"end":{"line":748,"column":20}},"loc":{"start":{"line":748,"column":31},"end":{"line":776,"column":1}},"line":748}},"branchMap":{"0":{"loc":{"start":{"line":42,"column":13},"end":{"line":42,"column":53}},"type":"binary-expr","locations":[{"start":{"line":42,"column":13},"end":{"line":42,"column":43}},{"start":{"line":42,"column":47},"end":{"line":42,"column":53}}],"line":42},"1":{"loc":{"start":{"line":52,"column":15},"end":{"line":52,"column":51}},"type":"binary-expr","locations":[{"start":{"line":52,"column":15},"end":{"line":52,"column":40}},{"start":{"line":52,"column":49},"end":{"line":52,"column":51}}],"line":52},"2":{"loc":{"start":{"line":53,"column":15},"end":{"line":53,"column":51}},"type":"binary-expr","locations":[{"start":{"line":53,"column":15},"end":{"line":53,"column":45}},{"start":{"line":53,"column":49},"end":{"line":53,"column":51}}],"line":53},"3":{"loc":{"start":{"line":90,"column":27},"end":{"line":90,"column":81}},"type":"binary-expr","locations":[{"start":{"line":90,"column":27},"end":{"line":90,"column":71}},{"start":{"line":90,"column":75},"end":{"line":90,"column":81}}],"line":90},"4":{"loc":{"start":{"line":134,"column":4},"end":{"line":139,"column":5}},"type":"if","locations":[{"start":{"line":134,"column":4},"end":{"line":139,"column":5}},{"start":{},"end":{}}],"line":134},"5":{"loc":{"start":{"line":134,"column":8},"end":{"line":134,"column":27}},"type":"binary-expr","locations":[{"start":{"line":134,"column":8},"end":{"line":134,"column":14}},{"start":{"line":134,"column":18},"end":{"line":134,"column":27}}],"line":134},"6":{"loc":{"start":{"line":142,"column":4},"end":{"line":147,"column":5}},"type":"if","locations":[{"start":{"line":142,"column":4},"end":{"line":147,"column":5}},{"start":{},"end":{}}],"line":142},"7":{"loc":{"start":{"line":158,"column":4},"end":{"line":160,"column":5}},"type":"if","locations":[{"start":{"line":158,"column":4},"end":{"line":160,"column":5}},{"start":{},"end":{}}],"line":158},"8":{"loc":{"start":{"line":165,"column":4},"end":{"line":167,"column":5}},"type":"if","locations":[{"start":{"line":165,"column":4},"end":{"line":167,"column":5}},{"start":{},"end":{}}],"line":165},"9":{"loc":{"start":{"line":170,"column":4},"end":{"line":175,"column":5}},"type":"if","locations":[{"start":{"line":170,"column":4},"end":{"line":175,"column":5}},{"start":{},"end":{}}],"line":170},"10":{"loc":{"start":{"line":170,"column":8},"end":{"line":170,"column":69}},"type":"binary-expr","locations":[{"start":{"line":170,"column":8},"end":{"line":170,"column":25}},{"start":{"line":170,"column":29},"end":{"line":170,"column":69}}],"line":170},"11":{"loc":{"start":{"line":180,"column":4},"end":{"line":219,"column":5}},"type":"if","locations":[{"start":{"line":180,"column":4},"end":{"line":219,"column":5}},{"start":{},"end":{}}],"line":180},"12":{"loc":{"start":{"line":182,"column":30},"end":{"line":182,"column":58}},"type":"binary-expr","locations":[{"start":{"line":182,"column":30},"end":{"line":182,"column":53}},{"start":{"line":182,"column":57},"end":{"line":182,"column":58}}],"line":182},"13":{"loc":{"start":{"line":185,"column":6},"end":{"line":207,"column":7}},"type":"if","locations":[{"start":{"line":185,"column":6},"end":{"line":207,"column":7}},{"start":{},"end":{}}],"line":185},"14":{"loc":{"start":{"line":226,"column":4},"end":{"line":264,"column":5}},"type":"if","locations":[{"start":{"line":226,"column":4},"end":{"line":264,"column":5}},{"start":{},"end":{}}],"line":226},"15":{"loc":{"start":{"line":234,"column":6},"end":{"line":261,"column":7}},"type":"if","locations":[{"start":{"line":234,"column":6},"end":{"line":261,"column":7}},{"start":{},"end":{}}],"line":234},"16":{"loc":{"start":{"line":298,"column":4},"end":{"line":303,"column":5}},"type":"if","locations":[{"start":{"line":298,"column":4},"end":{"line":303,"column":5}},{"start":{},"end":{}}],"line":298},"17":{"loc":{"start":{"line":319,"column":4},"end":{"line":325,"column":5}},"type":"if","locations":[{"start":{"line":319,"column":4},"end":{"line":325,"column":5}},{"start":{},"end":{}}],"line":319},"18":{"loc":{"start":{"line":332,"column":4},"end":{"line":346,"column":5}},"type":"if","locations":[{"start":{"line":332,"column":4},"end":{"line":346,"column":5}},{"start":{},"end":{}}],"line":332},"19":{"loc":{"start":{"line":349,"column":4},"end":{"line":363,"column":5}},"type":"if","locations":[{"start":{"line":349,"column":4},"end":{"line":363,"column":5}},{"start":{},"end":{}}],"line":349},"20":{"loc":{"start":{"line":383,"column":4},"end":{"line":389,"column":5}},"type":"if","locations":[{"start":{"line":383,"column":4},"end":{"line":389,"column":5}},{"start":{},"end":{}}],"line":383},"21":{"loc":{"start":{"line":402,"column":30},"end":{"line":402,"column":68}},"type":"binary-expr","locations":[{"start":{"line":402,"column":30},"end":{"line":402,"column":55}},{"start":{"line":402,"column":59},"end":{"line":402,"column":68}}],"line":402},"22":{"loc":{"start":{"line":403,"column":29},"end":{"line":403,"column":83}},"type":"binary-expr","locations":[{"start":{"line":403,"column":29},"end":{"line":403,"column":73}},{"start":{"line":403,"column":77},"end":{"line":403,"column":83}}],"line":403},"23":{"loc":{"start":{"line":445,"column":4},"end":{"line":459,"column":5}},"type":"if","locations":[{"start":{"line":445,"column":4},"end":{"line":459,"column":5}},{"start":{},"end":{}}],"line":445},"24":{"loc":{"start":{"line":489,"column":4},"end":{"line":494,"column":5}},"type":"if","locations":[{"start":{"line":489,"column":4},"end":{"line":494,"column":5}},{"start":{},"end":{}}],"line":489},"25":{"loc":{"start":{"line":502,"column":4},"end":{"line":507,"column":5}},"type":"if","locations":[{"start":{"line":502,"column":4},"end":{"line":507,"column":5}},{"start":{},"end":{}}],"line":502},"26":{"loc":{"start":{"line":502,"column":8},"end":{"line":502,"column":68}},"type":"binary-expr","locations":[{"start":{"line":502,"column":8},"end":{"line":502,"column":20}},{"start":{"line":502,"column":24},"end":{"line":502,"column":68}}],"line":502},"27":{"loc":{"start":{"line":518,"column":4},"end":{"line":521,"column":5}},"type":"if","locations":[{"start":{"line":518,"column":4},"end":{"line":521,"column":5}},{"start":{},"end":{}}],"line":518},"28":{"loc":{"start":{"line":534,"column":4},"end":{"line":537,"column":5}},"type":"if","locations":[{"start":{"line":534,"column":4},"end":{"line":537,"column":5}},{"start":{},"end":{}}],"line":534},"29":{"loc":{"start":{"line":569,"column":4},"end":{"line":574,"column":5}},"type":"if","locations":[{"start":{"line":569,"column":4},"end":{"line":574,"column":5}},{"start":{},"end":{}}],"line":569},"30":{"loc":{"start":{"line":569,"column":8},"end":{"line":569,"column":38}},"type":"binary-expr","locations":[{"start":{"line":569,"column":8},"end":{"line":569,"column":14}},{"start":{"line":569,"column":18},"end":{"line":569,"column":22}},{"start":{"line":569,"column":26},"end":{"line":569,"column":38}}],"line":569},"31":{"loc":{"start":{"line":577,"column":4},"end":{"line":582,"column":5}},"type":"if","locations":[{"start":{"line":577,"column":4},"end":{"line":582,"column":5}},{"start":{},"end":{}}],"line":577},"32":{"loc":{"start":{"line":592,"column":4},"end":{"line":595,"column":5}},"type":"if","locations":[{"start":{"line":592,"column":4},"end":{"line":595,"column":5}},{"start":{},"end":{}}],"line":592},"33":{"loc":{"start":{"line":603,"column":4},"end":{"line":608,"column":5}},"type":"if","locations":[{"start":{"line":603,"column":4},"end":{"line":608,"column":5}},{"start":{},"end":{}}],"line":603},"34":{"loc":{"start":{"line":610,"column":4},"end":{"line":615,"column":5}},"type":"if","locations":[{"start":{"line":610,"column":4},"end":{"line":615,"column":5}},{"start":{},"end":{}}],"line":610},"35":{"loc":{"start":{"line":669,"column":4},"end":{"line":674,"column":5}},"type":"if","locations":[{"start":{"line":669,"column":4},"end":{"line":674,"column":5}},{"start":{},"end":{}}],"line":669},"36":{"loc":{"start":{"line":669,"column":8},"end":{"line":669,"column":22}},"type":"binary-expr","locations":[{"start":{"line":669,"column":8},"end":{"line":669,"column":14}},{"start":{"line":669,"column":18},"end":{"line":669,"column":22}}],"line":669},"37":{"loc":{"start":{"line":686,"column":4},"end":{"line":691,"column":5}},"type":"if","locations":[{"start":{"line":686,"column":4},"end":{"line":691,"column":5}},{"start":{},"end":{}}],"line":686},"38":{"loc":{"start":{"line":699,"column":4},"end":{"line":704,"column":5}},"type":"if","locations":[{"start":{"line":699,"column":4},"end":{"line":704,"column":5}},{"start":{},"end":{}}],"line":699},"39":{"loc":{"start":{"line":706,"column":4},"end":{"line":711,"column":5}},"type":"if","locations":[{"start":{"line":706,"column":4},"end":{"line":711,"column":5}},{"start":{},"end":{}}],"line":706},"40":{"loc":{"start":{"line":717,"column":4},"end":{"line":728,"column":5}},"type":"if","locations":[{"start":{"line":717,"column":4},"end":{"line":728,"column":5}},{"start":{},"end":{}}],"line":717},"41":{"loc":{"start":{"line":765,"column":4},"end":{"line":767,"column":5}},"type":"if","locations":[{"start":{"line":765,"column":4},"end":{"line":767,"column":5}},{"start":{},"end":{}}],"line":765}},"s":{"0":3,"1":3,"2":3,"3":3,"4":3,"5":3,"6":3,"7":3,"8":3,"9":3,"10":3,"11":3,"12":3,"13":3,"14":3,"15":19,"16":19,"17":19,"18":9,"19":9,"20":9,"21":9,"22":9,"23":9,"24":9,"25":9,"26":9,"27":9,"28":19,"29":19,"30":19,"31":19,"32":19,"33":2,"34":17,"35":17,"36":1,"37":16,"38":16,"39":1,"40":14,"41":14,"42":1,"43":13,"44":1,"45":12,"46":12,"47":3,"48":3,"49":1,"50":1,"51":1,"52":0,"53":1,"54":2,"55":2,"56":9,"57":9,"58":4,"59":4,"60":3,"61":3,"62":3,"63":3,"64":3,"65":0,"66":3,"67":6,"68":1,"69":1,"70":19,"71":0,"72":0,"73":0,"74":0,"75":0,"76":0,"77":0,"78":0,"79":0,"80":0,"81":0,"82":0,"83":0,"84":0,"85":0,"86":0,"87":0,"88":0,"89":0,"90":0,"91":0,"92":0,"93":0,"94":0,"95":0,"96":0,"97":0,"98":0,"99":0,"100":0,"101":0,"102":0,"103":0,"104":0,"105":0,"106":0,"107":0,"108":0,"109":0,"110":0,"111":0,"112":0,"113":0,"114":0,"115":0,"116":0,"117":0,"118":0,"119":0,"120":7,"121":7,"122":7,"123":7,"124":7,"125":1,"126":6,"127":6,"128":6,"129":5,"130":1,"131":4,"132":4,"133":4,"134":1,"135":3,"136":3,"137":3,"138":3,"139":3,"140":3,"141":2,"142":3,"143":0,"144":3,"145":1,"146":1,"147":7,"148":13,"149":13,"150":13,"151":13,"152":13,"153":3,"154":10,"155":4,"156":6,"157":6,"158":5,"159":1,"160":4,"161":4,"162":4,"163":4,"164":1,"165":3,"166":1,"167":2,"168":2,"169":2,"170":2,"171":2,"172":1,"173":1,"174":13,"175":10,"176":10,"177":10,"178":10,"179":10,"180":3,"181":7,"182":7,"183":6,"184":1,"185":5,"186":5,"187":5,"188":5,"189":1,"190":4,"191":1,"192":3,"193":3,"194":1,"195":1,"196":3,"197":1,"198":1,"199":10,"200":0,"201":0,"202":0,"203":0,"204":0,"205":0,"206":0,"207":0,"208":0,"209":0,"210":0,"211":3},"f":{"0":19,"1":9,"2":19,"3":0,"4":0,"5":0,"6":0,"7":7,"8":0,"9":13,"10":10,"11":0},"b":{"0":[3,2],"1":[19,7],"2":[19,19],"3":[9,5],"4":[2,17],"5":[19,18],"6":[1,16],"7":[1,14],"8":[1,13],"9":[1,12],"10":[13,2],"11":[3,9],"12":[3,0],"13":[1,2],"14":[4,5],"15":[3,1],"16":[0,0],"17":[0,0],"18":[0,0],"19":[0,0],"20":[0,0],"21":[0,0],"22":[0,0],"23":[0,0],"24":[1,6],"25":[1,4],"26":[5,2],"27":[1,3],"28":[2,1],"29":[3,10],"30":[13,12,11],"31":[4,6],"32":[1,4],"33":[1,3],"34":[1,2],"35":[3,7],"36":[10,8],"37":[1,5],"38":[1,4],"39":[1,3],"40":[1,2],"41":[0,0]},"_coverageSchema":"1a1c01bbd47fc00a2c39e90264f33305004495a9","hash":"71347970ca09f74930708d3469604a5b26813551"}
,"C:\\Users\\ANULAL\\Desktop\\Maitexa\\acadeno_lms\\lms_backend\\src\\controllers\\leadController.js": {"path":"C:\\Users\\ANULAL\\Desktop\\Maitexa\\acadeno_lms\\lms_backend\\src\\controllers\\leadController.js","statementMap":{"0":{"start":{"line":5,"column":17},"end":{"line":5,"column":39}},"1":{"start":{"line":6,"column":14},"end":{"line":6,"column":39}},"2":{"start":{"line":7,"column":21},"end":{"line":7,"column":50}},"3":{"start":{"line":13,"column":17},"end":{"line":13,"column":37}},"4":{"start":{"line":15,"column":2},"end":{"line":100,"column":3}},"5":{"start":{"line":17,"column":77},"end":{"line":17,"column":85}},"6":{"start":{"line":19,"column":19},"end":{"line":19,"column":21}},"7":{"start":{"line":20,"column":4},"end":{"line":20,"column":57}},"8":{"start":{"line":20,"column":20},"end":{"line":20,"column":57}},"9":{"start":{"line":21,"column":4},"end":{"line":21,"column":49}},"10":{"start":{"line":21,"column":16},"end":{"line":21,"column":49}},"11":{"start":{"line":22,"column":4},"end":{"line":22,"column":49}},"12":{"start":{"line":22,"column":16},"end":{"line":22,"column":49}},"13":{"start":{"line":23,"column":4},"end":{"line":23,"column":69}},"14":{"start":{"line":23,"column":26},"end":{"line":23,"column":69}},"15":{"start":{"line":24,"column":4},"end":{"line":24,"column":61}},"16":{"start":{"line":24,"column":22},"end":{"line":24,"column":61}},"17":{"start":{"line":26,"column":23},"end":{"line":26,"column":51}},"18":{"start":{"line":27,"column":4},"end":{"line":27,"column":78}},"19":{"start":{"line":27,"column":42},"end":{"line":27,"column":78}},"20":{"start":{"line":29,"column":23},"end":{"line":29,"column":33}},"21":{"start":{"line":30,"column":4},"end":{"line":30,"column":81}},"22":{"start":{"line":30,"column":42},"end":{"line":30,"column":81}},"23":{"start":{"line":32,"column":4},"end":{"line":34,"column":5}},"24":{"start":{"line":33,"column":6},"end":{"line":33,"column":83}},"25":{"start":{"line":36,"column":19},"end":{"line":36,"column":35}},"26":{"start":{"line":39,"column":4},"end":{"line":39,"column":94}},"27":{"start":{"line":40,"column":4},"end":{"line":40,"column":103}},"28":{"start":{"line":42,"column":4},"end":{"line":42,"column":32}},"29":{"start":{"line":45,"column":21},"end":{"line":50,"column":5}},"30":{"start":{"line":52,"column":4},"end":{"line":59,"column":5}},"31":{"start":{"line":53,"column":6},"end":{"line":53,"column":37}},"32":{"start":{"line":54,"column":6},"end":{"line":58,"column":9}},"33":{"start":{"line":62,"column":23},"end":{"line":67,"column":5}},"34":{"start":{"line":69,"column":20},"end":{"line":69,"column":38}},"35":{"start":{"line":72,"column":4},"end":{"line":76,"column":6}},"36":{"start":{"line":79,"column":4},"end":{"line":85,"column":5}},"37":{"start":{"line":80,"column":6},"end":{"line":84,"column":8}},"38":{"start":{"line":87,"column":4},"end":{"line":87,"column":33}},"39":{"start":{"line":89,"column":4},"end":{"line":92,"column":7}},"40":{"start":{"line":95,"column":4},"end":{"line":95,"column":35}},"41":{"start":{"line":96,"column":4},"end":{"line":96,"column":53}},"42":{"start":{"line":97,"column":4},"end":{"line":97,"column":68}},"43":{"start":{"line":99,"column":4},"end":{"line":99,"column":21}},"44":{"start":{"line":107,"column":17},"end":{"line":107,"column":37}},"45":{"start":{"line":109,"column":2},"end":{"line":153,"column":3}},"46":{"start":{"line":110,"column":19},"end":{"line":110,"column":29}},"47":{"start":{"line":113,"column":4},"end":{"line":113,"column":104}},"48":{"start":{"line":114,"column":4},"end":{"line":114,"column":103}},"49":{"start":{"line":117,"column":23},"end":{"line":117,"column":84}},"50":{"start":{"line":119,"column":4},"end":{"line":121,"column":5}},"51":{"start":{"line":120,"column":6},"end":{"line":120,"column":106}},"52":{"start":{"line":123,"column":17},"end":{"line":123,"column":35}},"53":{"start":{"line":126,"column":26},"end":{"line":129,"column":5}},"54":{"start":{"line":131,"column":24},"end":{"line":134,"column":5}},"55":{"start":{"line":136,"column":4},"end":{"line":140,"column":7}},"56":{"start":{"line":143,"column":4},"end":{"line":143,"column":50}},"57":{"start":{"line":146,"column":4},"end":{"line":148,"column":5}},"58":{"start":{"line":147,"column":6},"end":{"line":147,"column":72}},"59":{"start":{"line":150,"column":4},"end":{"line":150,"column":68}},"60":{"start":{"line":152,"column":4},"end":{"line":152,"column":21}},"61":{"start":{"line":159,"column":21},"end":{"line":166,"column":1}},"62":{"start":{"line":169,"column":17},"end":{"line":169,"column":37}},"63":{"start":{"line":171,"column":2},"end":{"line":268,"column":3}},"64":{"start":{"line":172,"column":19},"end":{"line":172,"column":29}},"65":{"start":{"line":173,"column":35},"end":{"line":173,"column":43}},"66":{"start":{"line":175,"column":4},"end":{"line":177,"column":5}},"67":{"start":{"line":176,"column":6},"end":{"line":176,"column":77}},"68":{"start":{"line":180,"column":4},"end":{"line":180,"column":104}},"69":{"start":{"line":181,"column":4},"end":{"line":181,"column":103}},"70":{"start":{"line":183,"column":4},"end":{"line":183,"column":32}},"71":{"start":{"line":187,"column":22},"end":{"line":190,"column":5}},"72":{"start":{"line":192,"column":4},"end":{"line":195,"column":5}},"73":{"start":{"line":193,"column":6},"end":{"line":193,"column":37}},"74":{"start":{"line":194,"column":6},"end":{"line":194,"column":79}},"75":{"start":{"line":197,"column":17},"end":{"line":197,"column":34}},"76":{"start":{"line":200,"column":4},"end":{"line":206,"column":5}},"77":{"start":{"line":201,"column":6},"end":{"line":201,"column":37}},"78":{"start":{"line":202,"column":6},"end":{"line":205,"column":9}},"79":{"start":{"line":208,"column":25},"end":{"line":208,"column":50}},"80":{"start":{"line":209,"column":21},"end":{"line":209,"column":45}},"81":{"start":{"line":211,"column":4},"end":{"line":214,"column":5}},"82":{"start":{"line":212,"column":6},"end":{"line":212,"column":37}},"83":{"start":{"line":213,"column":6},"end":{"line":213,"column":79}},"84":{"start":{"line":217,"column":4},"end":{"line":225,"column":5}},"85":{"start":{"line":218,"column":6},"end":{"line":224,"column":7}},"86":{"start":{"line":219,"column":8},"end":{"line":219,"column":39}},"87":{"start":{"line":220,"column":8},"end":{"line":223,"column":11}},"88":{"start":{"line":227,"column":24},"end":{"line":227,"column":50}},"89":{"start":{"line":229,"column":22},"end":{"line":237,"column":5}},"90":{"start":{"line":239,"column":20},"end":{"line":244,"column":5}},"91":{"start":{"line":246,"column":4},"end":{"line":246,"column":33}},"92":{"start":{"line":249,"column":4},"end":{"line":249,"column":53}},"93":{"start":{"line":251,"column":4},"end":{"line":255,"column":7}},"94":{"start":{"line":258,"column":4},"end":{"line":258,"column":35}},"95":{"start":{"line":259,"column":4},"end":{"line":259,"column":60}},"96":{"start":{"line":261,"column":4},"end":{"line":263,"column":5}},"97":{"start":{"line":262,"column":6},"end":{"line":262,"column":72}},"98":{"start":{"line":265,"column":4},"end":{"line":265,"column":68}},"99":{"start":{"line":267,"column":4},"end":{"line":267,"column":21}},"100":{"start":{"line":276,"column":17},"end":{"line":276,"column":37}},"101":{"start":{"line":278,"column":2},"end":{"line":362,"column":3}},"102":{"start":{"line":279,"column":19},"end":{"line":279,"column":29}},"103":{"start":{"line":280,"column":42},"end":{"line":280,"column":50}},"104":{"start":{"line":282,"column":4},"end":{"line":284,"column":5}},"105":{"start":{"line":283,"column":6},"end":{"line":283,"column":90}},"106":{"start":{"line":286,"column":4},"end":{"line":288,"column":5}},"107":{"start":{"line":287,"column":6},"end":{"line":287,"column":97}},"108":{"start":{"line":290,"column":4},"end":{"line":299,"column":5}},"109":{"start":{"line":291,"column":25},"end":{"line":291,"column":49}},"110":{"start":{"line":293,"column":20},"end":{"line":293,"column":30}},"111":{"start":{"line":294,"column":6},"end":{"line":294,"column":33}},"112":{"start":{"line":296,"column":6},"end":{"line":298,"column":7}},"113":{"start":{"line":297,"column":9},"end":{"line":297,"column":97}},"114":{"start":{"line":302,"column":4},"end":{"line":302,"column":104}},"115":{"start":{"line":303,"column":4},"end":{"line":303,"column":103}},"116":{"start":{"line":305,"column":4},"end":{"line":305,"column":32}},"117":{"start":{"line":308,"column":22},"end":{"line":311,"column":5}},"118":{"start":{"line":313,"column":4},"end":{"line":316,"column":5}},"119":{"start":{"line":314,"column":6},"end":{"line":314,"column":37}},"120":{"start":{"line":315,"column":6},"end":{"line":315,"column":80}},"121":{"start":{"line":319,"column":22},"end":{"line":323,"column":5}},"122":{"start":{"line":325,"column":25},"end":{"line":325,"column":42}},"123":{"start":{"line":328,"column":23},"end":{"line":328,"column":115}},"124":{"start":{"line":329,"column":4},"end":{"line":329,"column":70}},"125":{"start":{"line":332,"column":4},"end":{"line":342,"column":5}},"126":{"start":{"line":333,"column":6},"end":{"line":336,"column":8}},"127":{"start":{"line":338,"column":6},"end":{"line":341,"column":8}},"128":{"start":{"line":344,"column":4},"end":{"line":344,"column":33}},"129":{"start":{"line":346,"column":4},"end":{"line":349,"column":7}},"130":{"start":{"line":352,"column":4},"end":{"line":352,"column":35}},"131":{"start":{"line":353,"column":4},"end":{"line":353,"column":50}},"132":{"start":{"line":355,"column":4},"end":{"line":357,"column":5}},"133":{"start":{"line":356,"column":6},"end":{"line":356,"column":72}},"134":{"start":{"line":359,"column":4},"end":{"line":359,"column":68}},"135":{"start":{"line":361,"column":4},"end":{"line":361,"column":21}},"136":{"start":{"line":370,"column":17},"end":{"line":370,"column":37}},"137":{"start":{"line":372,"column":2},"end":{"line":407,"column":3}},"138":{"start":{"line":373,"column":19},"end":{"line":373,"column":29}},"139":{"start":{"line":375,"column":4},"end":{"line":375,"column":104}},"140":{"start":{"line":376,"column":4},"end":{"line":376,"column":103}},"141":{"start":{"line":379,"column":22},"end":{"line":379,"column":84}},"142":{"start":{"line":381,"column":4},"end":{"line":383,"column":5}},"143":{"start":{"line":382,"column":6},"end":{"line":382,"column":79}},"144":{"start":{"line":386,"column":24},"end":{"line":393,"column":5}},"145":{"start":{"line":395,"column":4},"end":{"line":397,"column":7}},"146":{"start":{"line":400,"column":4},"end":{"line":400,"column":51}},"147":{"start":{"line":401,"column":4},"end":{"line":403,"column":5}},"148":{"start":{"line":402,"column":6},"end":{"line":402,"column":72}},"149":{"start":{"line":404,"column":4},"end":{"line":404,"column":68}},"150":{"start":{"line":406,"column":4},"end":{"line":406,"column":21}},"151":{"start":{"line":415,"column":17},"end":{"line":415,"column":37}},"152":{"start":{"line":416,"column":2},"end":{"line":518,"column":3}},"153":{"start":{"line":417,"column":21},"end":{"line":417,"column":52}},"154":{"start":{"line":419,"column":23},"end":{"line":419,"column":48}},"155":{"start":{"line":420,"column":4},"end":{"line":422,"column":5}},"156":{"start":{"line":421,"column":6},"end":{"line":421,"column":58}},"157":{"start":{"line":425,"column":4},"end":{"line":425,"column":104}},"158":{"start":{"line":426,"column":4},"end":{"line":426,"column":103}},"159":{"start":{"line":429,"column":24},"end":{"line":429,"column":48}},"160":{"start":{"line":430,"column":25},"end":{"line":430,"column":50}},"161":{"start":{"line":433,"column":26},"end":{"line":438,"column":5}},"162":{"start":{"line":439,"column":35},"end":{"line":439,"column":76}},"163":{"start":{"line":442,"column":30},"end":{"line":448,"column":5}},"164":{"start":{"line":449,"column":31},"end":{"line":449,"column":76}},"165":{"start":{"line":452,"column":26},"end":{"line":452,"column":27}},"166":{"start":{"line":453,"column":4},"end":{"line":455,"column":5}},"167":{"start":{"line":454,"column":6},"end":{"line":454,"column":101}},"168":{"start":{"line":458,"column":27},"end":{"line":460,"column":5}},"169":{"start":{"line":462,"column":27},"end":{"line":469,"column":5}},"170":{"start":{"line":471,"column":4},"end":{"line":475,"column":7}},"171":{"start":{"line":472,"column":6},"end":{"line":474,"column":7}},"172":{"start":{"line":473,"column":9},"end":{"line":473,"column":62}},"173":{"start":{"line":478,"column":23},"end":{"line":484,"column":5}},"174":{"start":{"line":486,"column":30},"end":{"line":489,"column":7}},"175":{"start":{"line":486,"column":58},"end":{"line":489,"column":5}},"176":{"start":{"line":492,"column":19},"end":{"line":492,"column":21}},"177":{"start":{"line":493,"column":27},"end":{"line":497,"column":5}},"178":{"start":{"line":500,"column":30},"end":{"line":506,"column":5}},"179":{"start":{"line":509,"column":4},"end":{"line":509,"column":76}},"180":{"start":{"line":511,"column":4},"end":{"line":511,"column":51}},"181":{"start":{"line":514,"column":4},"end":{"line":514,"column":55}},"182":{"start":{"line":515,"column":4},"end":{"line":515,"column":68}},"183":{"start":{"line":517,"column":4},"end":{"line":517,"column":21}},"184":{"start":{"line":526,"column":17},"end":{"line":526,"column":37}},"185":{"start":{"line":528,"column":2},"end":{"line":601,"column":3}},"186":{"start":{"line":529,"column":70},"end":{"line":529,"column":79}},"187":{"start":{"line":531,"column":20},"end":{"line":531,"column":56}},"188":{"start":{"line":532,"column":19},"end":{"line":532,"column":44}},"189":{"start":{"line":533,"column":4},"end":{"line":533,"column":39}},"190":{"start":{"line":533,"column":24},"end":{"line":533,"column":39}},"191":{"start":{"line":535,"column":19},"end":{"line":535,"column":43}},"192":{"start":{"line":538,"column":4},"end":{"line":538,"column":104}},"193":{"start":{"line":539,"column":4},"end":{"line":539,"column":103}},"194":{"start":{"line":542,"column":24},"end":{"line":542,"column":26}},"195":{"start":{"line":543,"column":23},"end":{"line":543,"column":30}},"196":{"start":{"line":545,"column":4},"end":{"line":549,"column":5}},"197":{"start":{"line":546,"column":6},"end":{"line":546,"column":38}},"198":{"start":{"line":547,"column":23},"end":{"line":547,"column":41}},"199":{"start":{"line":548,"column":6},"end":{"line":548,"column":112}},"200":{"start":{"line":551,"column":4},"end":{"line":554,"column":5}},"201":{"start":{"line":552,"column":6},"end":{"line":552,"column":31}},"202":{"start":{"line":553,"column":6},"end":{"line":553,"column":57}},"203":{"start":{"line":556,"column":4},"end":{"line":559,"column":5}},"204":{"start":{"line":557,"column":6},"end":{"line":557,"column":40}},"205":{"start":{"line":558,"column":6},"end":{"line":558,"column":66}},"206":{"start":{"line":561,"column":24},"end":{"line":561,"column":48}},"207":{"start":{"line":564,"column":23},"end":{"line":564,"column":72}},"208":{"start":{"line":565,"column":21},"end":{"line":565,"column":64}},"209":{"start":{"line":566,"column":24},"end":{"line":566,"column":60}},"210":{"start":{"line":569,"column":22},"end":{"line":577,"column":5}},"211":{"start":{"line":579,"column":4},"end":{"line":579,"column":31}},"212":{"start":{"line":581,"column":4},"end":{"line":581,"column":29}},"213":{"start":{"line":583,"column":21},"end":{"line":583,"column":63}},"214":{"start":{"line":585,"column":4},"end":{"line":591,"column":7}},"215":{"start":{"line":594,"column":4},"end":{"line":594,"column":51}},"216":{"start":{"line":595,"column":4},"end":{"line":597,"column":5}},"217":{"start":{"line":596,"column":7},"end":{"line":596,"column":85}},"218":{"start":{"line":598,"column":4},"end":{"line":598,"column":68}},"219":{"start":{"line":600,"column":4},"end":{"line":600,"column":21}},"220":{"start":{"line":609,"column":17},"end":{"line":609,"column":37}},"221":{"start":{"line":611,"column":2},"end":{"line":686,"column":3}},"222":{"start":{"line":612,"column":19},"end":{"line":612,"column":29}},"223":{"start":{"line":615,"column":4},"end":{"line":615,"column":104}},"224":{"start":{"line":616,"column":4},"end":{"line":616,"column":103}},"225":{"start":{"line":618,"column":4},"end":{"line":618,"column":32}},"226":{"start":{"line":621,"column":22},"end":{"line":624,"column":5}},"227":{"start":{"line":626,"column":4},"end":{"line":629,"column":5}},"228":{"start":{"line":627,"column":6},"end":{"line":627,"column":37}},"229":{"start":{"line":628,"column":6},"end":{"line":628,"column":80}},"230":{"start":{"line":631,"column":17},"end":{"line":631,"column":34}},"231":{"start":{"line":634,"column":4},"end":{"line":637,"column":5}},"232":{"start":{"line":635,"column":6},"end":{"line":635,"column":37}},"233":{"start":{"line":636,"column":6},"end":{"line":636,"column":74}},"234":{"start":{"line":640,"column":4},"end":{"line":646,"column":5}},"235":{"start":{"line":641,"column":6},"end":{"line":641,"column":37}},"236":{"start":{"line":642,"column":6},"end":{"line":645,"column":9}},"237":{"start":{"line":649,"column":22},"end":{"line":657,"column":5}},"238":{"start":{"line":660,"column":4},"end":{"line":664,"column":6}},"239":{"start":{"line":666,"column":4},"end":{"line":666,"column":33}},"240":{"start":{"line":668,"column":4},"end":{"line":677,"column":7}},"241":{"start":{"line":680,"column":4},"end":{"line":680,"column":35}},"242":{"start":{"line":681,"column":4},"end":{"line":681,"column":54}},"243":{"start":{"line":682,"column":4},"end":{"line":682,"column":95}},"244":{"start":{"line":682,"column":30},"end":{"line":682,"column":95}},"245":{"start":{"line":683,"column":4},"end":{"line":683,"column":68}},"246":{"start":{"line":685,"column":4},"end":{"line":685,"column":21}},"247":{"start":{"line":694,"column":17},"end":{"line":694,"column":37}},"248":{"start":{"line":696,"column":2},"end":{"line":746,"column":3}},"249":{"start":{"line":697,"column":19},"end":{"line":697,"column":29}},"250":{"start":{"line":700,"column":4},"end":{"line":700,"column":104}},"251":{"start":{"line":701,"column":4},"end":{"line":701,"column":91}},"252":{"start":{"line":703,"column":4},"end":{"line":703,"column":32}},"253":{"start":{"line":706,"column":22},"end":{"line":706,"column":103}},"254":{"start":{"line":707,"column":4},"end":{"line":710,"column":5}},"255":{"start":{"line":708,"column":6},"end":{"line":708,"column":37}},"256":{"start":{"line":709,"column":6},"end":{"line":709,"column":63}},"257":{"start":{"line":712,"column":26},"end":{"line":712,"column":50}},"258":{"start":{"line":715,"column":22},"end":{"line":723,"column":5}},"259":{"start":{"line":726,"column":4},"end":{"line":730,"column":6}},"260":{"start":{"line":732,"column":4},"end":{"line":732,"column":33}},"261":{"start":{"line":734,"column":4},"end":{"line":737,"column":7}},"262":{"start":{"line":740,"column":4},"end":{"line":740,"column":35}},"263":{"start":{"line":741,"column":4},"end":{"line":741,"column":53}},"264":{"start":{"line":742,"column":4},"end":{"line":742,"column":95}},"265":{"start":{"line":742,"column":30},"end":{"line":742,"column":95}},"266":{"start":{"line":743,"column":4},"end":{"line":743,"column":68}},"267":{"start":{"line":745,"column":4},"end":{"line":745,"column":21}},"268":{"start":{"line":754,"column":2},"end":{"line":756,"column":3}},"269":{"start":{"line":755,"column":4},"end":{"line":755,"column":63}},"270":{"start":{"line":758,"column":17},"end":{"line":758,"column":37}},"271":{"start":{"line":759,"column":17},"end":{"line":759,"column":33}},"272":{"start":{"line":761,"column":2},"end":{"line":879,"column":3}},"273":{"start":{"line":762,"column":20},"end":{"line":762,"column":51}},"274":{"start":{"line":764,"column":20},"end":{"line":769,"column":5}},"275":{"start":{"line":771,"column":4},"end":{"line":773,"column":5}},"276":{"start":{"line":772,"column":6},"end":{"line":772,"column":66}},"277":{"start":{"line":776,"column":4},"end":{"line":776,"column":88}},"278":{"start":{"line":777,"column":4},"end":{"line":777,"column":97}},"279":{"start":{"line":779,"column":23},"end":{"line":779,"column":51}},"280":{"start":{"line":780,"column":23},"end":{"line":780,"column":33}},"281":{"start":{"line":782,"column":30},"end":{"line":782,"column":32}},"282":{"start":{"line":784,"column":4},"end":{"line":823,"column":5}},"283":{"start":{"line":784,"column":17},"end":{"line":784,"column":18}},"284":{"start":{"line":785,"column":18},"end":{"line":785,"column":28}},"285":{"start":{"line":786,"column":21},"end":{"line":786,"column":26}},"286":{"start":{"line":789,"column":19},"end":{"line":789,"column":59}},"287":{"start":{"line":790,"column":20},"end":{"line":790,"column":44}},"288":{"start":{"line":791,"column":20},"end":{"line":791,"column":44}},"289":{"start":{"line":792,"column":30},"end":{"line":792,"column":64}},"290":{"start":{"line":793,"column":26},"end":{"line":793,"column":70}},"291":{"start":{"line":795,"column":6},"end":{"line":798,"column":7}},"292":{"start":{"line":796,"column":8},"end":{"line":796,"column":80}},"293":{"start":{"line":797,"column":8},"end":{"line":797,"column":17}},"294":{"start":{"line":801,"column":6},"end":{"line":804,"column":7}},"295":{"start":{"line":802,"column":8},"end":{"line":802,"column":84}},"296":{"start":{"line":803,"column":8},"end":{"line":803,"column":17}},"297":{"start":{"line":806,"column":6},"end":{"line":809,"column":7}},"298":{"start":{"line":807,"column":8},"end":{"line":807,"column":87}},"299":{"start":{"line":808,"column":8},"end":{"line":808,"column":17}},"300":{"start":{"line":812,"column":23},"end":{"line":815,"column":7}},"301":{"start":{"line":817,"column":6},"end":{"line":820,"column":7}},"302":{"start":{"line":818,"column":8},"end":{"line":818,"column":93}},"303":{"start":{"line":819,"column":8},"end":{"line":819,"column":17}},"304":{"start":{"line":822,"column":6},"end":{"line":822,"column":83}},"305":{"start":{"line":826,"column":4},"end":{"line":869,"column":5}},"306":{"start":{"line":827,"column":6},"end":{"line":827,"column":34}},"307":{"start":{"line":832,"column":25},"end":{"line":832,"column":27}},"308":{"start":{"line":833,"column":31},"end":{"line":833,"column":33}},"309":{"start":{"line":835,"column":6},"end":{"line":839,"column":9}},"310":{"start":{"line":836,"column":23},"end":{"line":836,"column":32}},"311":{"start":{"line":837,"column":8},"end":{"line":837,"column":144}},"312":{"start":{"line":838,"column":8},"end":{"line":838,"column":107}},"313":{"start":{"line":841,"column":31},"end":{"line":845,"column":7}},"314":{"start":{"line":847,"column":24},"end":{"line":847,"column":72}},"315":{"start":{"line":848,"column":25},"end":{"line":848,"column":39}},"316":{"start":{"line":851,"column":28},"end":{"line":851,"column":30}},"317":{"start":{"line":852,"column":34},"end":{"line":852,"column":36}},"318":{"start":{"line":854,"column":6},"end":{"line":858,"column":9}},"319":{"start":{"line":855,"column":23},"end":{"line":855,"column":32}},"320":{"start":{"line":856,"column":8},"end":{"line":856,"column":82}},"321":{"start":{"line":857,"column":8},"end":{"line":857,"column":43}},"322":{"start":{"line":860,"column":33},"end":{"line":863,"column":7}},"323":{"start":{"line":865,"column":6},"end":{"line":865,"column":60}},"324":{"start":{"line":867,"column":6},"end":{"line":867,"column":35}},"325":{"start":{"line":868,"column":6},"end":{"line":868,"column":50}},"326":{"start":{"line":871,"column":4},"end":{"line":871,"column":41}},"327":{"start":{"line":874,"column":4},"end":{"line":874,"column":63}},"328":{"start":{"line":874,"column":16},"end":{"line":874,"column":63}},"329":{"start":{"line":875,"column":4},"end":{"line":875,"column":54}},"330":{"start":{"line":876,"column":4},"end":{"line":876,"column":97}},"331":{"start":{"line":878,"column":4},"end":{"line":878,"column":21}},"332":{"start":{"line":882,"column":0},"end":{"line":893,"column":2}}},"fnMap":{"0":{"name":"createLead","decl":{"start":{"line":12,"column":15},"end":{"line":12,"column":25}},"loc":{"start":{"line":12,"column":36},"end":{"line":101,"column":1}},"line":12},"1":{"name":"getLeadById","decl":{"start":{"line":106,"column":15},"end":{"line":106,"column":26}},"loc":{"start":{"line":106,"column":37},"end":{"line":154,"column":1}},"line":106},"2":{"name":"updateLeadStatus","decl":{"start":{"line":168,"column":15},"end":{"line":168,"column":31}},"loc":{"start":{"line":168,"column":42},"end":{"line":269,"column":1}},"line":168},"3":{"name":"addNote","decl":{"start":{"line":275,"column":15},"end":{"line":275,"column":22}},"loc":{"start":{"line":275,"column":33},"end":{"line":363,"column":1}},"line":275},"4":{"name":"getNotes","decl":{"start":{"line":369,"column":15},"end":{"line":369,"column":23}},"loc":{"start":{"line":369,"column":34},"end":{"line":408,"column":1}},"line":369},"5":{"name":"getDashboard","decl":{"start":{"line":414,"column":15},"end":{"line":414,"column":27}},"loc":{"start":{"line":414,"column":38},"end":{"line":519,"column":1}},"line":414},"6":{"name":"(anonymous_6)","decl":{"start":{"line":471,"column":32},"end":{"line":471,"column":33}},"loc":{"start":{"line":471,"column":41},"end":{"line":475,"column":5}},"line":471},"7":{"name":"(anonymous_7)","decl":{"start":{"line":486,"column":50},"end":{"line":486,"column":51}},"loc":{"start":{"line":486,"column":58},"end":{"line":489,"column":5}},"line":486},"8":{"name":"getLeads","decl":{"start":{"line":525,"column":15},"end":{"line":525,"column":23}},"loc":{"start":{"line":525,"column":34},"end":{"line":602,"column":1}},"line":525},"9":{"name":"convertLead","decl":{"start":{"line":608,"column":15},"end":{"line":608,"column":26}},"loc":{"start":{"line":608,"column":37},"end":{"line":687,"column":1}},"line":608},"10":{"name":"unlockLead","decl":{"start":{"line":693,"column":15},"end":{"line":693,"column":25}},"loc":{"start":{"line":693,"column":36},"end":{"line":747,"column":1}},"line":693},"11":{"name":"importLeads","decl":{"start":{"line":753,"column":15},"end":{"line":753,"column":26}},"loc":{"start":{"line":753,"column":37},"end":{"line":880,"column":1}},"line":753},"12":{"name":"(anonymous_12)","decl":{"start":{"line":835,"column":32},"end":{"line":835,"column":33}},"loc":{"start":{"line":835,"column":49},"end":{"line":839,"column":7}},"line":835},"13":{"name":"(anonymous_13)","decl":{"start":{"line":854,"column":25},"end":{"line":854,"column":26}},"loc":{"start":{"line":854,"column":41},"end":{"line":858,"column":7}},"line":854},"14":{"name":"(anonymous_14)","decl":{"start":{"line":874,"column":53},"end":{"line":874,"column":54}},"loc":{"start":{"line":874,"column":59},"end":{"line":874,"column":61}},"line":874}},"branchMap":{"0":{"loc":{"start":{"line":20,"column":4},"end":{"line":20,"column":57}},"type":"if","locations":[{"start":{"line":20,"column":4},"end":{"line":20,"column":57}},{"start":{},"end":{}}],"line":20},"1":{"loc":{"start":{"line":21,"column":4},"end":{"line":21,"column":49}},"type":"if","locations":[{"start":{"line":21,"column":4},"end":{"line":21,"column":49}},{"start":{},"end":{}}],"line":21},"2":{"loc":{"start":{"line":22,"column":4},"end":{"line":22,"column":49}},"type":"if","locations":[{"start":{"line":22,"column":4},"end":{"line":22,"column":49}},{"start":{},"end":{}}],"line":22},"3":{"loc":{"start":{"line":23,"column":4},"end":{"line":23,"column":69}},"type":"if","locations":[{"start":{"line":23,"column":4},"end":{"line":23,"column":69}},{"start":{},"end":{}}],"line":23},"4":{"loc":{"start":{"line":24,"column":4},"end":{"line":24,"column":61}},"type":"if","locations":[{"start":{"line":24,"column":4},"end":{"line":24,"column":61}},{"start":{},"end":{}}],"line":24},"5":{"loc":{"start":{"line":27,"column":4},"end":{"line":27,"column":78}},"type":"if","locations":[{"start":{"line":27,"column":4},"end":{"line":27,"column":78}},{"start":{},"end":{}}],"line":27},"6":{"loc":{"start":{"line":27,"column":8},"end":{"line":27,"column":40}},"type":"binary-expr","locations":[{"start":{"line":27,"column":8},"end":{"line":27,"column":13}},{"start":{"line":27,"column":17},"end":{"line":27,"column":40}}],"line":27},"7":{"loc":{"start":{"line":30,"column":4},"end":{"line":30,"column":81}},"type":"if","locations":[{"start":{"line":30,"column":4},"end":{"line":30,"column":81}},{"start":{},"end":{}}],"line":30},"8":{"loc":{"start":{"line":30,"column":8},"end":{"line":30,"column":40}},"type":"binary-expr","locations":[{"start":{"line":30,"column":8},"end":{"line":30,"column":13}},{"start":{"line":30,"column":17},"end":{"line":30,"column":40}}],"line":30},"9":{"loc":{"start":{"line":32,"column":4},"end":{"line":34,"column":5}},"type":"if","locations":[{"start":{"line":32,"column":4},"end":{"line":34,"column":5}},{"start":{},"end":{}}],"line":32},"10":{"loc":{"start":{"line":52,"column":4},"end":{"line":59,"column":5}},"type":"if","locations":[{"start":{"line":52,"column":4},"end":{"line":59,"column":5}},{"start":{},"end":{}}],"line":52},"11":{"loc":{"start":{"line":79,"column":4},"end":{"line":85,"column":5}},"type":"if","locations":[{"start":{"line":79,"column":4},"end":{"line":85,"column":5}},{"start":{},"end":{}}],"line":79},"12":{"loc":{"start":{"line":119,"column":4},"end":{"line":121,"column":5}},"type":"if","locations":[{"start":{"line":119,"column":4},"end":{"line":121,"column":5}},{"start":{},"end":{}}],"line":119},"13":{"loc":{"start":{"line":146,"column":4},"end":{"line":148,"column":5}},"type":"if","locations":[{"start":{"line":146,"column":4},"end":{"line":148,"column":5}},{"start":{},"end":{}}],"line":146},"14":{"loc":{"start":{"line":175,"column":4},"end":{"line":177,"column":5}},"type":"if","locations":[{"start":{"line":175,"column":4},"end":{"line":177,"column":5}},{"start":{},"end":{}}],"line":175},"15":{"loc":{"start":{"line":175,"column":8},"end":{"line":175,"column":61}},"type":"binary-expr","locations":[{"start":{"line":175,"column":8},"end":{"line":175,"column":19}},{"start":{"line":175,"column":23},"end":{"line":175,"column":61}}],"line":175},"16":{"loc":{"start":{"line":192,"column":4},"end":{"line":195,"column":5}},"type":"if","locations":[{"start":{"line":192,"column":4},"end":{"line":195,"column":5}},{"start":{},"end":{}}],"line":192},"17":{"loc":{"start":{"line":200,"column":4},"end":{"line":206,"column":5}},"type":"if","locations":[{"start":{"line":200,"column":4},"end":{"line":206,"column":5}},{"start":{},"end":{}}],"line":200},"18":{"loc":{"start":{"line":211,"column":4},"end":{"line":214,"column":5}},"type":"if","locations":[{"start":{"line":211,"column":4},"end":{"line":214,"column":5}},{"start":{},"end":{}}],"line":211},"19":{"loc":{"start":{"line":217,"column":4},"end":{"line":225,"column":5}},"type":"if","locations":[{"start":{"line":217,"column":4},"end":{"line":225,"column":5}},{"start":{},"end":{}}],"line":217},"20":{"loc":{"start":{"line":218,"column":6},"end":{"line":224,"column":7}},"type":"if","locations":[{"start":{"line":218,"column":6},"end":{"line":224,"column":7}},{"start":{},"end":{}}],"line":218},"21":{"loc":{"start":{"line":218,"column":10},"end":{"line":218,"column":41}},"type":"binary-expr","locations":[{"start":{"line":218,"column":10},"end":{"line":218,"column":17}},{"start":{"line":218,"column":21},"end":{"line":218,"column":41}}],"line":218},"22":{"loc":{"start":{"line":243,"column":54},"end":{"line":243,"column":68}},"type":"binary-expr","locations":[{"start":{"line":243,"column":54},"end":{"line":243,"column":60}},{"start":{"line":243,"column":64},"end":{"line":243,"column":68}}],"line":243},"23":{"loc":{"start":{"line":261,"column":4},"end":{"line":263,"column":5}},"type":"if","locations":[{"start":{"line":261,"column":4},"end":{"line":263,"column":5}},{"start":{},"end":{}}],"line":261},"24":{"loc":{"start":{"line":282,"column":4},"end":{"line":284,"column":5}},"type":"if","locations":[{"start":{"line":282,"column":4},"end":{"line":284,"column":5}},{"start":{},"end":{}}],"line":282},"25":{"loc":{"start":{"line":282,"column":8},"end":{"line":282,"column":45}},"type":"binary-expr","locations":[{"start":{"line":282,"column":8},"end":{"line":282,"column":18}},{"start":{"line":282,"column":22},"end":{"line":282,"column":45}}],"line":282},"26":{"loc":{"start":{"line":286,"column":4},"end":{"line":288,"column":5}},"type":"if","locations":[{"start":{"line":286,"column":4},"end":{"line":288,"column":5}},{"start":{},"end":{}}],"line":286},"27":{"loc":{"start":{"line":290,"column":4},"end":{"line":299,"column":5}},"type":"if","locations":[{"start":{"line":290,"column":4},"end":{"line":299,"column":5}},{"start":{},"end":{}}],"line":290},"28":{"loc":{"start":{"line":296,"column":6},"end":{"line":298,"column":7}},"type":"if","locations":[{"start":{"line":296,"column":6},"end":{"line":298,"column":7}},{"start":{},"end":{}}],"line":296},"29":{"loc":{"start":{"line":296,"column":10},"end":{"line":296,"column":59}},"type":"binary-expr","locations":[{"start":{"line":296,"column":10},"end":{"line":296,"column":37}},{"start":{"line":296,"column":41},"end":{"line":296,"column":59}}],"line":296},"30":{"loc":{"start":{"line":313,"column":4},"end":{"line":316,"column":5}},"type":"if","locations":[{"start":{"line":313,"column":4},"end":{"line":316,"column":5}},{"start":{},"end":{}}],"line":313},"31":{"loc":{"start":{"line":322,"column":40},"end":{"line":322,"column":62}},"type":"binary-expr","locations":[{"start":{"line":322,"column":40},"end":{"line":322,"column":54}},{"start":{"line":322,"column":58},"end":{"line":322,"column":62}}],"line":322},"32":{"loc":{"start":{"line":329,"column":28},"end":{"line":329,"column":69}},"type":"binary-expr","locations":[{"start":{"line":329,"column":28},"end":{"line":329,"column":57}},{"start":{"line":329,"column":61},"end":{"line":329,"column":69}}],"line":329},"33":{"loc":{"start":{"line":332,"column":4},"end":{"line":342,"column":5}},"type":"if","locations":[{"start":{"line":332,"column":4},"end":{"line":342,"column":5}},{"start":{"line":337,"column":11},"end":{"line":342,"column":5}}],"line":332},"34":{"loc":{"start":{"line":355,"column":4},"end":{"line":357,"column":5}},"type":"if","locations":[{"start":{"line":355,"column":4},"end":{"line":357,"column":5}},{"start":{},"end":{}}],"line":355},"35":{"loc":{"start":{"line":381,"column":4},"end":{"line":383,"column":5}},"type":"if","locations":[{"start":{"line":381,"column":4},"end":{"line":383,"column":5}},{"start":{},"end":{}}],"line":381},"36":{"loc":{"start":{"line":401,"column":4},"end":{"line":403,"column":5}},"type":"if","locations":[{"start":{"line":401,"column":4},"end":{"line":403,"column":5}},{"start":{},"end":{}}],"line":401},"37":{"loc":{"start":{"line":420,"column":4},"end":{"line":422,"column":5}},"type":"if","locations":[{"start":{"line":420,"column":4},"end":{"line":422,"column":5}},{"start":{},"end":{}}],"line":420},"38":{"loc":{"start":{"line":453,"column":4},"end":{"line":455,"column":5}},"type":"if","locations":[{"start":{"line":453,"column":4},"end":{"line":455,"column":5}},{"start":{},"end":{}}],"line":453},"39":{"loc":{"start":{"line":472,"column":6},"end":{"line":474,"column":7}},"type":"if","locations":[{"start":{"line":472,"column":6},"end":{"line":474,"column":7}},{"start":{},"end":{}}],"line":472},"40":{"loc":{"start":{"line":496,"column":18},"end":{"line":496,"column":95}},"type":"cond-expr","locations":[{"start":{"line":496,"column":31},"end":{"line":496,"column":91}},{"start":{"line":496,"column":94},"end":{"line":496,"column":95}}],"line":496},"41":{"loc":{"start":{"line":529,"column":45},"end":{"line":529,"column":53}},"type":"default-arg","locations":[{"start":{"line":529,"column":52},"end":{"line":529,"column":53}}],"line":529},"42":{"loc":{"start":{"line":529,"column":55},"end":{"line":529,"column":65}},"type":"default-arg","locations":[{"start":{"line":529,"column":63},"end":{"line":529,"column":65}}],"line":529},"43":{"loc":{"start":{"line":531,"column":32},"end":{"line":531,"column":55}},"type":"binary-expr","locations":[{"start":{"line":531,"column":32},"end":{"line":531,"column":50}},{"start":{"line":531,"column":54},"end":{"line":531,"column":55}}],"line":531},"44":{"loc":{"start":{"line":532,"column":19},"end":{"line":532,"column":44}},"type":"binary-expr","locations":[{"start":{"line":532,"column":19},"end":{"line":532,"column":38}},{"start":{"line":532,"column":42},"end":{"line":532,"column":44}}],"line":532},"45":{"loc":{"start":{"line":533,"column":4},"end":{"line":533,"column":39}},"type":"if","locations":[{"start":{"line":533,"column":4},"end":{"line":533,"column":39}},{"start":{},"end":{}}],"line":533},"46":{"loc":{"start":{"line":545,"column":4},"end":{"line":549,"column":5}},"type":"if","locations":[{"start":{"line":545,"column":4},"end":{"line":549,"column":5}},{"start":{},"end":{}}],"line":545},"47":{"loc":{"start":{"line":551,"column":4},"end":{"line":554,"column":5}},"type":"if","locations":[{"start":{"line":551,"column":4},"end":{"line":554,"column":5}},{"start":{},"end":{}}],"line":551},"48":{"loc":{"start":{"line":551,"column":8},"end":{"line":551,"column":38}},"type":"binary-expr","locations":[{"start":{"line":551,"column":8},"end":{"line":551,"column":14}},{"start":{"line":551,"column":18},"end":{"line":551,"column":38}}],"line":551},"49":{"loc":{"start":{"line":556,"column":4},"end":{"line":559,"column":5}},"type":"if","locations":[{"start":{"line":556,"column":4},"end":{"line":559,"column":5}},{"start":{},"end":{}}],"line":556},"50":{"loc":{"start":{"line":556,"column":8},"end":{"line":556,"column":56}},"type":"binary-expr","locations":[{"start":{"line":556,"column":8},"end":{"line":556,"column":23}},{"start":{"line":556,"column":27},"end":{"line":556,"column":56}}],"line":556},"51":{"loc":{"start":{"line":590,"column":19},"end":{"line":590,"column":57}},"type":"binary-expr","locations":[{"start":{"line":590,"column":19},"end":{"line":590,"column":52}},{"start":{"line":590,"column":56},"end":{"line":590,"column":57}}],"line":590},"52":{"loc":{"start":{"line":595,"column":4},"end":{"line":597,"column":5}},"type":"if","locations":[{"start":{"line":595,"column":4},"end":{"line":597,"column":5}},{"start":{},"end":{}}],"line":595},"53":{"loc":{"start":{"line":626,"column":4},"end":{"line":629,"column":5}},"type":"if","locations":[{"start":{"line":626,"column":4},"end":{"line":629,"column":5}},{"start":{},"end":{}}],"line":626},"54":{"loc":{"start":{"line":634,"column":4},"end":{"line":637,"column":5}},"type":"if","locations":[{"start":{"line":634,"column":4},"end":{"line":637,"column":5}},{"start":{},"end":{}}],"line":634},"55":{"loc":{"start":{"line":640,"column":4},"end":{"line":646,"column":5}},"type":"if","locations":[{"start":{"line":640,"column":4},"end":{"line":646,"column":5}},{"start":{},"end":{}}],"line":640},"56":{"loc":{"start":{"line":640,"column":8},"end":{"line":640,"column":69}},"type":"binary-expr","locations":[{"start":{"line":640,"column":8},"end":{"line":640,"column":36}},{"start":{"line":640,"column":40},"end":{"line":640,"column":69}}],"line":640},"57":{"loc":{"start":{"line":682,"column":4},"end":{"line":682,"column":95}},"type":"if","locations":[{"start":{"line":682,"column":4},"end":{"line":682,"column":95}},{"start":{},"end":{}}],"line":682},"58":{"loc":{"start":{"line":707,"column":4},"end":{"line":710,"column":5}},"type":"if","locations":[{"start":{"line":707,"column":4},"end":{"line":710,"column":5}},{"start":{},"end":{}}],"line":707},"59":{"loc":{"start":{"line":742,"column":4},"end":{"line":742,"column":95}},"type":"if","locations":[{"start":{"line":742,"column":4},"end":{"line":742,"column":95}},{"start":{},"end":{}}],"line":742},"60":{"loc":{"start":{"line":754,"column":2},"end":{"line":756,"column":3}},"type":"if","locations":[{"start":{"line":754,"column":2},"end":{"line":756,"column":3}},{"start":{},"end":{}}],"line":754},"61":{"loc":{"start":{"line":771,"column":4},"end":{"line":773,"column":5}},"type":"if","locations":[{"start":{"line":771,"column":4},"end":{"line":773,"column":5}},{"start":{},"end":{}}],"line":771},"62":{"loc":{"start":{"line":789,"column":20},"end":{"line":789,"column":51}},"type":"binary-expr","locations":[{"start":{"line":789,"column":20},"end":{"line":789,"column":28}},{"start":{"line":789,"column":32},"end":{"line":789,"column":45}},{"start":{"line":789,"column":49},"end":{"line":789,"column":51}}],"line":789},"63":{"loc":{"start":{"line":790,"column":21},"end":{"line":790,"column":36}},"type":"binary-expr","locations":[{"start":{"line":790,"column":21},"end":{"line":790,"column":30}},{"start":{"line":790,"column":34},"end":{"line":790,"column":36}}],"line":790},"64":{"loc":{"start":{"line":791,"column":21},"end":{"line":791,"column":36}},"type":"binary-expr","locations":[{"start":{"line":791,"column":21},"end":{"line":791,"column":30}},{"start":{"line":791,"column":34},"end":{"line":791,"column":36}}],"line":791},"65":{"loc":{"start":{"line":792,"column":31},"end":{"line":792,"column":56}},"type":"binary-expr","locations":[{"start":{"line":792,"column":31},"end":{"line":792,"column":50}},{"start":{"line":792,"column":54},"end":{"line":792,"column":56}}],"line":792},"66":{"loc":{"start":{"line":793,"column":27},"end":{"line":793,"column":62}},"type":"binary-expr","locations":[{"start":{"line":793,"column":27},"end":{"line":793,"column":37}},{"start":{"line":793,"column":41},"end":{"line":793,"column":56}},{"start":{"line":793,"column":60},"end":{"line":793,"column":62}}],"line":793},"67":{"loc":{"start":{"line":795,"column":6},"end":{"line":798,"column":7}},"type":"if","locations":[{"start":{"line":795,"column":6},"end":{"line":798,"column":7}},{"start":{},"end":{}}],"line":795},"68":{"loc":{"start":{"line":795,"column":10},"end":{"line":795,"column":71}},"type":"binary-expr","locations":[{"start":{"line":795,"column":10},"end":{"line":795,"column":15}},{"start":{"line":795,"column":19},"end":{"line":795,"column":25}},{"start":{"line":795,"column":29},"end":{"line":795,"column":35}},{"start":{"line":795,"column":39},"end":{"line":795,"column":55}},{"start":{"line":795,"column":59},"end":{"line":795,"column":71}}],"line":795},"69":{"loc":{"start":{"line":801,"column":6},"end":{"line":804,"column":7}},"type":"if","locations":[{"start":{"line":801,"column":6},"end":{"line":804,"column":7}},{"start":{},"end":{}}],"line":801},"70":{"loc":{"start":{"line":806,"column":6},"end":{"line":809,"column":7}},"type":"if","locations":[{"start":{"line":806,"column":6},"end":{"line":809,"column":7}},{"start":{},"end":{}}],"line":806},"71":{"loc":{"start":{"line":817,"column":6},"end":{"line":820,"column":7}},"type":"if","locations":[{"start":{"line":817,"column":6},"end":{"line":820,"column":7}},{"start":{},"end":{}}],"line":817},"72":{"loc":{"start":{"line":826,"column":4},"end":{"line":869,"column":5}},"type":"if","locations":[{"start":{"line":826,"column":4},"end":{"line":869,"column":5}},{"start":{},"end":{}}],"line":826},"73":{"loc":{"start":{"line":874,"column":4},"end":{"line":874,"column":63}},"type":"if","locations":[{"start":{"line":874,"column":4},"end":{"line":874,"column":63}},{"start":{},"end":{}}],"line":874}},"s":{"0":7,"1":7,"2":7,"3":6,"4":6,"5":6,"6":6,"7":6,"8":1,"9":6,"10":0,"11":6,"12":1,"13":6,"14":1,"15":6,"16":1,"17":6,"18":6,"19":1,"20":6,"21":6,"22":1,"23":6,"24":3,"25":3,"26":3,"27":3,"28":3,"29":3,"30":3,"31":1,"32":1,"33":2,"34":2,"35":2,"36":2,"37":1,"38":2,"39":2,"40":0,"41":0,"42":0,"43":6,"44":0,"45":0,"46":0,"47":0,"48":0,"49":0,"50":0,"51":0,"52":0,"53":0,"54":0,"55":0,"56":0,"57":0,"58":0,"59":0,"60":0,"61":7,"62":7,"63":7,"64":7,"65":7,"66":7,"67":0,"68":7,"69":7,"70":7,"71":7,"72":7,"73":1,"74":1,"75":6,"76":6,"77":1,"78":1,"79":5,"80":5,"81":5,"82":0,"83":0,"84":5,"85":2,"86":1,"87":1,"88":4,"89":4,"90":4,"91":4,"92":4,"93":4,"94":0,"95":0,"96":0,"97":0,"98":0,"99":7,"100":4,"101":4,"102":4,"103":4,"104":4,"105":1,"106":3,"107":0,"108":3,"109":2,"110":2,"111":2,"112":2,"113":1,"114":2,"115":2,"116":2,"117":2,"118":2,"119":1,"120":1,"121":1,"122":1,"123":1,"124":1,"125":1,"126":1,"127":0,"128":1,"129":1,"130":0,"131":0,"132":0,"133":0,"134":0,"135":4,"136":1,"137":1,"138":1,"139":1,"140":1,"141":1,"142":1,"143":0,"144":1,"145":1,"146":0,"147":0,"148":0,"149":0,"150":1,"151":2,"152":2,"153":2,"154":2,"155":2,"156":1,"157":1,"158":1,"159":1,"160":1,"161":1,"162":1,"163":1,"164":1,"165":1,"166":1,"167":1,"168":1,"169":1,"170":1,"171":3,"172":3,"173":1,"174":1,"175":1,"176":1,"177":1,"178":1,"179":1,"180":1,"181":0,"182":0,"183":2,"184":5,"185":5,"186":5,"187":5,"188":5,"189":5,"190":0,"191":5,"192":5,"193":5,"194":5,"195":5,"196":5,"197":1,"198":1,"199":1,"200":5,"201":1,"202":1,"203":5,"204":0,"205":0,"206":5,"207":5,"208":5,"209":5,"210":5,"211":5,"212":5,"213":5,"214":5,"215":0,"216":0,"217":0,"218":0,"219":5,"220":3,"221":3,"222":3,"223":3,"224":3,"225":3,"226":3,"227":3,"228":0,"229":0,"230":3,"231":3,"232":1,"233":1,"234":2,"235":1,"236":1,"237":1,"238":1,"239":1,"240":1,"241":0,"242":0,"243":0,"244":0,"245":0,"246":3,"247":1,"248":1,"249":1,"250":1,"251":1,"252":1,"253":1,"254":1,"255":0,"256":0,"257":1,"258":1,"259":1,"260":1,"261":1,"262":0,"263":0,"264":0,"265":0,"266":0,"267":1,"268":4,"269":1,"270":3,"271":3,"272":3,"273":3,"274":3,"275":3,"276":0,"277":3,"278":3,"279":3,"280":3,"281":3,"282":3,"283":3,"284":8,"285":8,"286":8,"287":8,"288":8,"289":8,"290":8,"291":8,"292":1,"293":1,"294":7,"295":1,"296":1,"297":6,"298":2,"299":2,"300":4,"301":4,"302":2,"303":2,"304":2,"305":3,"306":2,"307":2,"308":2,"309":2,"310":2,"311":2,"312":2,"313":2,"314":2,"315":2,"316":2,"317":2,"318":2,"319":2,"320":2,"321":2,"322":2,"323":2,"324":2,"325":2,"326":3,"327":0,"328":0,"329":0,"330":0,"331":3,"332":7},"f":{"0":6,"1":0,"2":7,"3":4,"4":1,"5":2,"6":3,"7":1,"8":5,"9":3,"10":1,"11":4,"12":2,"13":2,"14":0},"b":{"0":[1,5],"1":[0,6],"2":[1,5],"3":[1,5],"4":[1,5],"5":[1,5],"6":[6,6],"7":[1,5],"8":[6,5],"9":[3,3],"10":[1,2],"11":[1,1],"12":[0,0],"13":[0,0],"14":[0,7],"15":[7,7],"16":[1,6],"17":[1,5],"18":[0,5],"19":[2,3],"20":[1,1],"21":[2,1],"22":[4,3],"23":[0,0],"24":[1,3],"25":[4,3],"26":[0,3],"27":[2,1],"28":[1,1],"29":[2,2],"30":[1,1],"31":[1,0],"32":[1,0],"33":[1,0],"34":[0,0],"35":[0,1],"36":[0,0],"37":[1,1],"38":[1,0],"39":[3,0],"40":[1,0],"41":[4],"42":[4],"43":[5,0],"44":[5,0],"45":[0,5],"46":[1,4],"47":[1,4],"48":[5,1],"49":[0,5],"50":[5,0],"51":[5,0],"52":[0,0],"53":[0,3],"54":[1,2],"55":[1,1],"56":[2,1],"57":[0,0],"58":[0,1],"59":[0,0],"60":[1,3],"61":[0,3],"62":[8,1,1],"63":[8,0],"64":[8,0],"65":[8,0],"66":[8,0,0],"67":[1,7],"68":[8,7,7,7,7],"69":[1,6],"70":[2,4],"71":[2,2],"72":[2,1],"73":[0,0]},"_coverageSchema":"1a1c01bbd47fc00a2c39e90264f33305004495a9","hash":"5ae4d49dbf9d660097b4e3360fdc96ce32e5d264"}
,"C:\\Users\\ANULAL\\Desktop\\Maitexa\\acadeno_lms\\lms_backend\\src\\jobs\\leadArchiveJob.js": {"path":"C:\\Users\\ANULAL\\Desktop\\Maitexa\\acadeno_lms\\lms_backend\\src\\jobs\\leadArchiveJob.js","statementMap":{"0":{"start":{"line":1,"column":13},"end":{"line":1,"column":33}},"1":{"start":{"line":2,"column":17},"end":{"line":2,"column":39}},"2":{"start":{"line":3,"column":21},"end":{"line":3,"column":56}},"3":{"start":{"line":5,"column":22},"end":{"line":5,"column":62}},"4":{"start":{"line":6,"column":21},"end":{"line":6,"column":72}},"5":{"start":{"line":12,"column":17},"end":{"line":12,"column":37}},"6":{"start":{"line":13,"column":2},"end":{"line":61,"column":3}},"7":{"start":{"line":15,"column":18},"end":{"line":21,"column":5}},"8":{"start":{"line":22,"column":16},"end":{"line":22,"column":41}},"9":{"start":{"line":23,"column":27},"end":{"line":23,"column":35}},"10":{"start":{"line":25,"column":4},"end":{"line":52,"column":5}},"11":{"start":{"line":26,"column":6},"end":{"line":26,"column":34}},"12":{"start":{"line":27,"column":6},"end":{"line":51,"column":7}},"13":{"start":{"line":29,"column":8},"end":{"line":32,"column":10}},"14":{"start":{"line":35,"column":8},"end":{"line":38,"column":10}},"15":{"start":{"line":40,"column":8},"end":{"line":40,"column":37}},"16":{"start":{"line":43,"column":8},"end":{"line":47,"column":10}},"17":{"start":{"line":49,"column":8},"end":{"line":49,"column":39}},"18":{"start":{"line":50,"column":8},"end":{"line":50,"column":71}},"19":{"start":{"line":54,"column":4},"end":{"line":56,"column":5}},"20":{"start":{"line":55,"column":6},"end":{"line":55,"column":95}},"21":{"start":{"line":58,"column":4},"end":{"line":58,"column":55}},"22":{"start":{"line":60,"column":4},"end":{"line":60,"column":21}},"23":{"start":{"line":68,"column":17},"end":{"line":68,"column":37}},"24":{"start":{"line":69,"column":2},"end":{"line":100,"column":3}},"25":{"start":{"line":71,"column":18},"end":{"line":78,"column":5}},"26":{"start":{"line":79,"column":16},"end":{"line":79,"column":41}},"27":{"start":{"line":80,"column":26},"end":{"line":80,"column":34}},"28":{"start":{"line":82,"column":4},"end":{"line":91,"column":5}},"29":{"start":{"line":83,"column":23},"end":{"line":83,"column":57}},"30":{"start":{"line":84,"column":6},"end":{"line":90,"column":8}},"31":{"start":{"line":93,"column":4},"end":{"line":95,"column":5}},"32":{"start":{"line":94,"column":6},"end":{"line":94,"column":85}},"33":{"start":{"line":97,"column":4},"end":{"line":97,"column":56}},"34":{"start":{"line":99,"column":4},"end":{"line":99,"column":21}},"35":{"start":{"line":107,"column":2},"end":{"line":107,"column":56}},"36":{"start":{"line":109,"column":2},"end":{"line":114,"column":5}},"37":{"start":{"line":110,"column":4},"end":{"line":110,"column":65}},"38":{"start":{"line":111,"column":4},"end":{"line":111,"column":33}},"39":{"start":{"line":112,"column":4},"end":{"line":112,"column":34}},"40":{"start":{"line":113,"column":4},"end":{"line":113,"column":64}},"41":{"start":{"line":117,"column":0},"end":{"line":117,"column":35}}},"fnMap":{"0":{"name":"archiveInactiveLeads","decl":{"start":{"line":11,"column":15},"end":{"line":11,"column":35}},"loc":{"start":{"line":11,"column":38},"end":{"line":62,"column":1}},"line":11},"1":{"name":"sendFollowUpReminders","decl":{"start":{"line":67,"column":15},"end":{"line":67,"column":36}},"loc":{"start":{"line":67,"column":39},"end":{"line":101,"column":1}},"line":67},"2":{"name":"startLeadJobs","decl":{"start":{"line":106,"column":9},"end":{"line":106,"column":22}},"loc":{"start":{"line":106,"column":25},"end":{"line":115,"column":1}},"line":106},"3":{"name":"(anonymous_3)","decl":{"start":{"line":109,"column":31},"end":{"line":109,"column":32}},"loc":{"start":{"line":109,"column":43},"end":{"line":114,"column":3}},"line":109}},"branchMap":{"0":{"loc":{"start":{"line":5,"column":22},"end":{"line":5,"column":62}},"type":"binary-expr","locations":[{"start":{"line":5,"column":22},"end":{"line":5,"column":47}},{"start":{"line":5,"column":51},"end":{"line":5,"column":62}}],"line":5},"1":{"loc":{"start":{"line":6,"column":21},"end":{"line":6,"column":72}},"type":"binary-expr","locations":[{"start":{"line":6,"column":21},"end":{"line":6,"column":45}},{"start":{"line":6,"column":49},"end":{"line":6,"column":72}}],"line":6},"2":{"loc":{"start":{"line":54,"column":4},"end":{"line":56,"column":5}},"type":"if","locations":[{"start":{"line":54,"column":4},"end":{"line":56,"column":5}},{"start":{},"end":{}}],"line":54},"3":{"loc":{"start":{"line":93,"column":4},"end":{"line":95,"column":5}},"type":"if","locations":[{"start":{"line":93,"column":4},"end":{"line":95,"column":5}},{"start":{},"end":{}}],"line":93}},"s":{"0":1,"1":1,"2":1,"3":1,"4":1,"5":2,"6":2,"7":2,"8":2,"9":2,"10":2,"11":1,"12":1,"13":1,"14":1,"15":1,"16":1,"17":0,"18":0,"19":2,"20":1,"21":0,"22":2,"23":2,"24":2,"25":2,"26":2,"27":2,"28":1,"29":1,"30":1,"31":1,"32":1,"33":1,"34":2,"35":3,"36":3,"37":2,"38":2,"39":2,"40":2,"41":1},"f":{"0":2,"1":2,"2":3,"3":2},"b":{"0":[1,1],"1":[1,1],"2":[1,1],"3":[1,0]},"_coverageSchema":"1a1c01bbd47fc00a2c39e90264f33305004495a9","hash":"cbe8ea80844acf0cb37501e0f0e3dd8b0061c70f"}
,"C:\\Users\\ANULAL\\Desktop\\Maitexa\\acadeno_lms\\lms_backend\\src\\middleware\\authenticate.js": {"path":"C:\\Users\\ANULAL\\Desktop\\Maitexa\\acadeno_lms\\lms_backend\\src\\middleware\\authenticate.js","statementMap":{"0":{"start":{"line":12,"column":30},"end":{"line":12,"column":53}},"1":{"start":{"line":16,"column":21},"end":{"line":16,"column":46}},"2":{"start":{"line":18,"column":2},"end":{"line":22,"column":3}},"3":{"start":{"line":19,"column":4},"end":{"line":21,"column":7}},"4":{"start":{"line":25,"column":16},"end":{"line":25,"column":40}},"5":{"start":{"line":27,"column":2},"end":{"line":31,"column":3}},"6":{"start":{"line":28,"column":4},"end":{"line":30,"column":7}},"7":{"start":{"line":33,"column":2},"end":{"line":67,"column":3}},"8":{"start":{"line":35,"column":20},"end":{"line":35,"column":44}},"9":{"start":{"line":39,"column":4},"end":{"line":43,"column":6}},"10":{"start":{"line":45,"column":4},"end":{"line":45,"column":11}},"11":{"start":{"line":48,"column":4},"end":{"line":53,"column":5}},"12":{"start":{"line":49,"column":6},"end":{"line":52,"column":9}},"13":{"start":{"line":55,"column":4},"end":{"line":60,"column":5}},"14":{"start":{"line":56,"column":6},"end":{"line":59,"column":9}},"15":{"start":{"line":63,"column":4},"end":{"line":63,"column":56}},"16":{"start":{"line":64,"column":4},"end":{"line":66,"column":7}},"17":{"start":{"line":70,"column":0},"end":{"line":70,"column":30}}},"fnMap":{"0":{"name":"authenticate","decl":{"start":{"line":14,"column":9},"end":{"line":14,"column":21}},"loc":{"start":{"line":14,"column":38},"end":{"line":68,"column":1}},"line":14}},"branchMap":{"0":{"loc":{"start":{"line":18,"column":2},"end":{"line":22,"column":3}},"type":"if","locations":[{"start":{"line":18,"column":2},"end":{"line":22,"column":3}},{"start":{},"end":{}}],"line":18},"1":{"loc":{"start":{"line":18,"column":6},"end":{"line":18,"column":54}},"type":"binary-expr","locations":[{"start":{"line":18,"column":6},"end":{"line":18,"column":17}},{"start":{"line":18,"column":21},"end":{"line":18,"column":54}}],"line":18},"2":{"loc":{"start":{"line":27,"column":2},"end":{"line":31,"column":3}},"type":"if","locations":[{"start":{"line":27,"column":2},"end":{"line":31,"column":3}},{"start":{},"end":{}}],"line":27},"3":{"loc":{"start":{"line":48,"column":4},"end":{"line":53,"column":5}},"type":"if","locations":[{"start":{"line":48,"column":4},"end":{"line":53,"column":5}},{"start":{},"end":{}}],"line":48},"4":{"loc":{"start":{"line":55,"column":4},"end":{"line":60,"column":5}},"type":"if","locations":[{"start":{"line":55,"column":4},"end":{"line":60,"column":5}},{"start":{},"end":{}}],"line":55}},"s":{"0":10,"1":34,"2":34,"3":0,"4":34,"5":34,"6":0,"7":34,"8":34,"9":34,"10":34,"11":0,"12":0,"13":0,"14":0,"15":0,"16":0,"17":10},"f":{"0":34},"b":{"0":[0,34],"1":[34,34],"2":[0,34],"3":[0,0],"4":[0,0]},"_coverageSchema":"1a1c01bbd47fc00a2c39e90264f33305004495a9","hash":"150c43e8a8930f17fea2bb2d299d2c3d011b9036"}
,"C:\\Users\\ANULAL\\Desktop\\Maitexa\\acadeno_lms\\lms_backend\\src\\middleware\\authorize.js": {"path":"C:\\Users\\ANULAL\\Desktop\\Maitexa\\acadeno_lms\\lms_backend\\src\\middleware\\authorize.js","statementMap":{"0":{"start":{"line":8,"column":40},"end":{"line":8,"column":72}},"1":{"start":{"line":11,"column":2},"end":{"line":67,"column":4}},"2":{"start":{"line":13,"column":4},"end":{"line":18,"column":5}},"3":{"start":{"line":14,"column":6},"end":{"line":17,"column":9}},"4":{"start":{"line":20,"column":21},"end":{"line":20,"column":29}},"5":{"start":{"line":21,"column":17},"end":{"line":21,"column":44}},"6":{"start":{"line":26,"column":4},"end":{"line":31,"column":5}},"7":{"start":{"line":27,"column":6},"end":{"line":30,"column":9}},"8":{"start":{"line":35,"column":4},"end":{"line":45,"column":5}},"9":{"start":{"line":36,"column":37},"end":{"line":36,"column":72}},"10":{"start":{"line":37,"column":24},"end":{"line":37,"column":86}},"11":{"start":{"line":37,"column":62},"end":{"line":37,"column":85}},"12":{"start":{"line":39,"column":6},"end":{"line":44,"column":7}},"13":{"start":{"line":40,"column":8},"end":{"line":43,"column":11}},"14":{"start":{"line":48,"column":4},"end":{"line":63,"column":5}},"15":{"start":{"line":49,"column":24},"end":{"line":49,"column":49}},"16":{"start":{"line":52,"column":28},"end":{"line":55,"column":8}},"17":{"start":{"line":53,"column":30},"end":{"line":53,"column":62}},"18":{"start":{"line":54,"column":8},"end":{"line":54,"column":42}},"19":{"start":{"line":57,"column":6},"end":{"line":62,"column":7}},"20":{"start":{"line":58,"column":8},"end":{"line":61,"column":11}},"21":{"start":{"line":66,"column":4},"end":{"line":66,"column":11}},"22":{"start":{"line":70,"column":0},"end":{"line":70,"column":27}}},"fnMap":{"0":{"name":"authorize","decl":{"start":{"line":10,"column":9},"end":{"line":10,"column":18}},"loc":{"start":{"line":10,"column":36},"end":{"line":68,"column":1}},"line":10},"1":{"name":"(anonymous_1)","decl":{"start":{"line":11,"column":9},"end":{"line":11,"column":10}},"loc":{"start":{"line":11,"column":29},"end":{"line":67,"column":3}},"line":11},"2":{"name":"(anonymous_2)","decl":{"start":{"line":37,"column":52},"end":{"line":37,"column":53}},"loc":{"start":{"line":37,"column":62},"end":{"line":37,"column":85}},"line":37},"3":{"name":"(anonymous_3)","decl":{"start":{"line":52,"column":46},"end":{"line":52,"column":47}},"loc":{"start":{"line":52,"column":63},"end":{"line":55,"column":7}},"line":52}},"branchMap":{"0":{"loc":{"start":{"line":13,"column":4},"end":{"line":18,"column":5}},"type":"if","locations":[{"start":{"line":13,"column":4},"end":{"line":18,"column":5}},{"start":{},"end":{}}],"line":13},"1":{"loc":{"start":{"line":13,"column":8},"end":{"line":13,"column":35}},"type":"binary-expr","locations":[{"start":{"line":13,"column":8},"end":{"line":13,"column":17}},{"start":{"line":13,"column":21},"end":{"line":13,"column":35}}],"line":13},"2":{"loc":{"start":{"line":21,"column":17},"end":{"line":21,"column":44}},"type":"binary-expr","locations":[{"start":{"line":21,"column":17},"end":{"line":21,"column":32}},{"start":{"line":21,"column":36},"end":{"line":21,"column":44}}],"line":21},"3":{"loc":{"start":{"line":26,"column":4},"end":{"line":31,"column":5}},"type":"if","locations":[{"start":{"line":26,"column":4},"end":{"line":31,"column":5}},{"start":{},"end":{}}],"line":26},"4":{"loc":{"start":{"line":26,"column":8},"end":{"line":26,"column":59}},"type":"binary-expr","locations":[{"start":{"line":26,"column":8},"end":{"line":26,"column":33}},{"start":{"line":26,"column":37},"end":{"line":26,"column":59}}],"line":26},"5":{"loc":{"start":{"line":35,"column":4},"end":{"line":45,"column":5}},"type":"if","locations":[{"start":{"line":35,"column":4},"end":{"line":45,"column":5}},{"start":{},"end":{}}],"line":35},"6":{"loc":{"start":{"line":35,"column":8},"end":{"line":35,"column":55}},"type":"binary-expr","locations":[{"start":{"line":35,"column":8},"end":{"line":35,"column":26}},{"start":{"line":35,"column":30},"end":{"line":35,"column":55}}],"line":35},"7":{"loc":{"start":{"line":39,"column":6},"end":{"line":44,"column":7}},"type":"if","locations":[{"start":{"line":39,"column":6},"end":{"line":44,"column":7}},{"start":{},"end":{}}],"line":39},"8":{"loc":{"start":{"line":48,"column":4},"end":{"line":63,"column":5}},"type":"if","locations":[{"start":{"line":48,"column":4},"end":{"line":63,"column":5}},{"start":{},"end":{}}],"line":48},"9":{"loc":{"start":{"line":49,"column":24},"end":{"line":49,"column":49}},"type":"binary-expr","locations":[{"start":{"line":49,"column":24},"end":{"line":49,"column":44}},{"start":{"line":49,"column":48},"end":{"line":49,"column":49}}],"line":49},"10":{"loc":{"start":{"line":53,"column":30},"end":{"line":53,"column":62}},"type":"binary-expr","locations":[{"start":{"line":53,"column":30},"end":{"line":53,"column":57}},{"start":{"line":53,"column":61},"end":{"line":53,"column":62}}],"line":53},"11":{"loc":{"start":{"line":57,"column":6},"end":{"line":62,"column":7}},"type":"if","locations":[{"start":{"line":57,"column":6},"end":{"line":62,"column":7}},{"start":{},"end":{}}],"line":57}},"s":{"0":7,"1":70,"2":34,"3":0,"4":34,"5":34,"6":34,"7":0,"8":34,"9":0,"10":0,"11":0,"12":0,"13":0,"14":34,"15":34,"16":34,"17":34,"18":34,"19":34,"20":1,"21":33,"22":7},"f":{"0":70,"1":34,"2":0,"3":34},"b":{"0":[0,34],"1":[34,34],"2":[34,0],"3":[0,34],"4":[34,0],"5":[0,34],"6":[34,0],"7":[0,0],"8":[34,0],"9":[34,0],"10":[34,0],"11":[1,33]},"_coverageSchema":"1a1c01bbd47fc00a2c39e90264f33305004495a9","hash":"772cc7eb611816cabc03bbf8df6a31fa6fbc8efb"}
,"C:\\Users\\ANULAL\\Desktop\\Maitexa\\acadeno_lms\\lms_backend\\src\\routes\\auth.js": {"path":"C:\\Users\\ANULAL\\Desktop\\Maitexa\\acadeno_lms\\lms_backend\\src\\routes\\auth.js","statementMap":{"0":{"start":{"line":7,"column":16},"end":{"line":7,"column":34}},"1":{"start":{"line":8,"column":16},"end":{"line":8,"column":32}},"2":{"start":{"line":10,"column":84},"end":{"line":10,"column":124}},"3":{"start":{"line":11,"column":21},"end":{"line":11,"column":58}},"4":{"start":{"line":14,"column":0},"end":{"line":14,"column":29}},"5":{"start":{"line":17,"column":0},"end":{"line":17,"column":33}},"6":{"start":{"line":20,"column":0},"end":{"line":20,"column":31}},"7":{"start":{"line":23,"column":0},"end":{"line":23,"column":48}},"8":{"start":{"line":26,"column":0},"end":{"line":26,"column":46}},"9":{"start":{"line":29,"column":0},"end":{"line":29,"column":38}},"10":{"start":{"line":32,"column":0},"end":{"line":32,"column":39}},"11":{"start":{"line":34,"column":0},"end":{"line":34,"column":24}}},"fnMap":{},"branchMap":{},"s":{"0":3,"1":3,"2":3,"3":3,"4":3,"5":3,"6":3,"7":3,"8":3,"9":3,"10":3,"11":3},"f":{},"b":{},"_coverageSchema":"1a1c01bbd47fc00a2c39e90264f33305004495a9","hash":"0c8c82a23d571e32a15dc1c251814b65e6a81a6e"}
,"C:\\Users\\ANULAL\\Desktop\\Maitexa\\acadeno_lms\\lms_backend\\src\\routes\\leads.js": {"path":"C:\\Users\\ANULAL\\Desktop\\Maitexa\\acadeno_lms\\lms_backend\\src\\routes\\leads.js","statementMap":{"0":{"start":{"line":5,"column":16},"end":{"line":5,"column":34}},"1":{"start":{"line":6,"column":15},"end":{"line":6,"column":31}},"2":{"start":{"line":7,"column":15},"end":{"line":7,"column":32}},"3":{"start":{"line":9,"column":16},"end":{"line":9,"column":38}},"4":{"start":{"line":10,"column":15},"end":{"line":13,"column":2}},"5":{"start":{"line":19,"column":4},"end":{"line":19,"column":44}},"6":{"start":{"line":20,"column":21},"end":{"line":20,"column":58}},"7":{"start":{"line":21,"column":18},"end":{"line":21,"column":52}},"8":{"start":{"line":28,"column":0},"end":{"line":33,"column":2}},"9":{"start":{"line":39,"column":0},"end":{"line":44,"column":2}},"10":{"start":{"line":50,"column":0},"end":{"line":55,"column":2}},"11":{"start":{"line":61,"column":0},"end":{"line":66,"column":2}},"12":{"start":{"line":72,"column":0},"end":{"line":77,"column":2}},"13":{"start":{"line":83,"column":0},"end":{"line":88,"column":2}},"14":{"start":{"line":94,"column":0},"end":{"line":99,"column":2}},"15":{"start":{"line":105,"column":0},"end":{"line":110,"column":2}},"16":{"start":{"line":116,"column":0},"end":{"line":121,"column":2}},"17":{"start":{"line":127,"column":0},"end":{"line":133,"column":2}},"18":{"start":{"line":135,"column":0},"end":{"line":135,"column":24}}},"fnMap":{},"branchMap":{},"s":{"0":7,"1":7,"2":7,"3":7,"4":7,"5":7,"6":7,"7":7,"8":7,"9":7,"10":7,"11":7,"12":7,"13":7,"14":7,"15":7,"16":7,"17":7,"18":7},"f":{},"b":{},"_coverageSchema":"1a1c01bbd47fc00a2c39e90264f33305004495a9","hash":"cecca21b4feb5de2f4be2f74008031adbbbe3b07"}
,"C:\\Users\\ANULAL\\Desktop\\Maitexa\\acadeno_lms\\lms_backend\\src\\utils\\csvParser.js": {"path":"C:\\Users\\ANULAL\\Desktop\\Maitexa\\acadeno_lms\\lms_backend\\src\\utils\\csvParser.js","statementMap":{"0":{"start":{"line":1,"column":12},"end":{"line":1,"column":33}},"1":{"start":{"line":2,"column":21},"end":{"line":2,"column":38}},"2":{"start":{"line":10,"column":2},"end":{"line":22,"column":5}},"3":{"start":{"line":11,"column":20},"end":{"line":11,"column":22}},"4":{"start":{"line":13,"column":19},"end":{"line":13,"column":51}},"5":{"start":{"line":15,"column":4},"end":{"line":21,"column":41}},"6":{"start":{"line":17,"column":36},"end":{"line":17,"column":63}},"7":{"start":{"line":19,"column":28},"end":{"line":19,"column":46}},"8":{"start":{"line":20,"column":23},"end":{"line":20,"column":39}},"9":{"start":{"line":21,"column":28},"end":{"line":21,"column":39}},"10":{"start":{"line":25,"column":0},"end":{"line":25,"column":30}}},"fnMap":{"0":{"name":"parseCSV","decl":{"start":{"line":9,"column":15},"end":{"line":9,"column":23}},"loc":{"start":{"line":9,"column":32},"end":{"line":23,"column":1}},"line":9},"1":{"name":"(anonymous_1)","decl":{"start":{"line":10,"column":21},"end":{"line":10,"column":22}},"loc":{"start":{"line":10,"column":42},"end":{"line":22,"column":3}},"line":10},"2":{"name":"(anonymous_2)","decl":{"start":{"line":17,"column":20},"end":{"line":17,"column":21}},"loc":{"start":{"line":17,"column":36},"end":{"line":17,"column":63}},"line":17},"3":{"name":"(anonymous_3)","decl":{"start":{"line":19,"column":18},"end":{"line":19,"column":19}},"loc":{"start":{"line":19,"column":28},"end":{"line":19,"column":46}},"line":19},"4":{"name":"(anonymous_4)","decl":{"start":{"line":20,"column":17},"end":{"line":20,"column":18}},"loc":{"start":{"line":20,"column":23},"end":{"line":20,"column":39}},"line":20},"5":{"name":"(anonymous_5)","decl":{"start":{"line":21,"column":19},"end":{"line":21,"column":20}},"loc":{"start":{"line":21,"column":28},"end":{"line":21,"column":39}},"line":21}},"branchMap":{},"s":{"0":7,"1":7,"2":3,"3":3,"4":3,"5":3,"6":15,"7":8,"8":3,"9":0,"10":7},"f":{"0":3,"1":3,"2":15,"3":8,"4":3,"5":0},"b":{},"_coverageSchema":"1a1c01bbd47fc00a2c39e90264f33305004495a9","hash":"e52d851dec32d0322b7780dca8cfe454871cd825"}
,"C:\\Users\\ANULAL\\Desktop\\Maitexa\\acadeno_lms\\lms_backend\\src\\utils\\redis.js": {"path":"C:\\Users\\ANULAL\\Desktop\\Maitexa\\acadeno_lms\\lms_backend\\src\\utils\\redis.js","statementMap":{"0":{"start":{"line":1,"column":0},"end":{"line":1,"column":27}},"1":{"start":{"line":2,"column":14},"end":{"line":2,"column":32}},"2":{"start":{"line":4,"column":14},"end":{"line":12,"column":2}},"3":{"start":{"line":6,"column":4},"end":{"line":9,"column":5}},"4":{"start":{"line":7,"column":6},"end":{"line":7,"column":63}},"5":{"start":{"line":8,"column":6},"end":{"line":8,"column":18}},"6":{"start":{"line":10,"column":4},"end":{"line":10,"column":39}},"7":{"start":{"line":14,"column":0},"end":{"line":16,"column":3}},"8":{"start":{"line":15,"column":2},"end":{"line":15,"column":33}},"9":{"start":{"line":18,"column":0},"end":{"line":20,"column":3}},"10":{"start":{"line":19,"column":2},"end":{"line":19,"column":45}},"11":{"start":{"line":22,"column":0},"end":{"line":22,"column":23}}},"fnMap":{"0":{"name":"(anonymous_0)","decl":{"start":{"line":5,"column":2},"end":{"line":5,"column":3}},"loc":{"start":{"line":5,"column":23},"end":{"line":11,"column":3}},"line":5},"1":{"name":"(anonymous_1)","decl":{"start":{"line":14,"column":20},"end":{"line":14,"column":21}},"loc":{"start":{"line":14,"column":26},"end":{"line":16,"column":1}},"line":14},"2":{"name":"(anonymous_2)","decl":{"start":{"line":18,"column":18},"end":{"line":18,"column":19}},"loc":{"start":{"line":18,"column":27},"end":{"line":20,"column":1}},"line":18}},"branchMap":{"0":{"loc":{"start":{"line":6,"column":4},"end":{"line":9,"column":5}},"type":"if","locations":[{"start":{"line":6,"column":4},"end":{"line":9,"column":5}},{"start":{},"end":{}}],"line":6}},"s":{"0":7,"1":7,"2":7,"3":0,"4":0,"5":0,"6":0,"7":7,"8":7,"9":7,"10":0,"11":7},"f":{"0":0,"1":7,"2":0},"b":{"0":[0,0]},"_coverageSchema":"1a1c01bbd47fc00a2c39e90264f33305004495a9","hash":"6cb8d7a783d6522410bd75f6a4e1bf66211f0bf8"}
}
