TN:
SF:src\config\permissions.js
FNF:0
FNH:0
DA:11,7
DA:20,7
DA:39,7
LF:3
LH:3
BRF:0
BRH:0
end_of_record
TN:
SF:src\controllers\authController.js
FN:51,computeDeviceFingerprint
FN:67,issueTokensAndRespond
FN:125,login
FN:199,(anonymous_3)
FN:253,(anonymous_4)
FN:288,refresh
FN:436,logout
FN:480,forgotPassword
FN:540,(anonymous_8)
FN:559,resetPassword
FN:659,verifyMfa
FN:748,getMe
FNF:12
FNH:6
FNDA:19,computeDeviceFingerprint
FNDA:9,issueTokensAndRespond
FNDA:19,login
FNDA:0,(anonymous_3)
FNDA:0,(anonymous_4)
FNDA:0,refresh
FNDA:0,logout
FNDA:7,forgotPassword
FNDA:0,(anonymous_8)
FNDA:13,resetPassword
FNDA:10,verifyMfa
FNDA:0,getMe
DA:9,3
DA:10,3
DA:11,3
DA:12,3
DA:13,3
DA:14,3
DA:19,3
DA:20,3
DA:21,3
DA:24,3
DA:25,3
DA:26,3
DA:27,3
DA:34,3
DA:37,3
DA:52,19
DA:53,19
DA:54,19
DA:69,9
DA:79,9
DA:82,9
DA:87,9
DA:90,9
DA:91,9
DA:94,9
DA:101,9
DA:109,9
DA:112,9
DA:126,19
DA:128,19
DA:130,19
DA:131,19
DA:134,19
DA:135,2
DA:141,17
DA:142,17
DA:143,1
DA:150,16
DA:158,16
DA:159,1
DA:162,14
DA:165,14
DA:166,1
DA:170,13
DA:171,1
DA:178,12
DA:180,12
DA:182,3
DA:185,3
DA:186,1
DA:196,1
DA:199,1
DA:200,0
DA:203,1
DA:210,2
DA:218,2
DA:224,9
DA:226,9
DA:228,4
DA:234,4
DA:237,3
DA:248,3
DA:249,3
DA:250,3
DA:253,3
DA:254,0
DA:257,3
DA:267,6
DA:270,1
DA:271,1
DA:273,19
DA:289,0
DA:291,0
DA:294,0
DA:296,0
DA:298,0
DA:299,0
DA:306,0
DA:311,0
DA:319,0
DA:320,0
DA:321,0
DA:327,0
DA:332,0
DA:333,0
DA:341,0
DA:342,0
DA:349,0
DA:351,0
DA:358,0
DA:359,0
DA:368,0
DA:376,0
DA:383,0
DA:384,0
DA:385,0
DA:391,0
DA:394,0
DA:397,0
DA:402,0
DA:403,0
DA:404,0
DA:406,0
DA:413,0
DA:415,0
DA:424,0
DA:425,0
DA:427,0
DA:437,0
DA:439,0
DA:442,0
DA:443,0
DA:445,0
DA:446,0
DA:452,0
DA:462,0
DA:464,0
DA:466,0
DA:467,0
DA:469,0
DA:481,7
DA:483,7
DA:486,7
DA:487,7
DA:489,7
DA:490,1
DA:496,6
DA:499,6
DA:500,6
DA:502,5
DA:503,1
DA:510,4
DA:513,4
DA:518,4
DA:520,1
DA:523,3
DA:526,3
DA:529,3
DA:530,3
DA:533,3
DA:534,3
DA:536,2
DA:540,3
DA:541,0
DA:544,3
DA:546,1
DA:547,1
DA:549,7
DA:560,13
DA:562,13
DA:565,13
DA:566,13
DA:569,13
DA:570,3
DA:577,10
DA:578,4
DA:584,6
DA:587,6
DA:592,5
DA:594,1
DA:597,4
DA:600,4
DA:601,4
DA:603,4
DA:604,1
DA:610,3
DA:611,1
DA:618,2
DA:620,2
DA:631,2
DA:634,2
DA:642,2
DA:646,1
DA:647,1
DA:649,13
DA:660,10
DA:662,10
DA:665,10
DA:666,10
DA:669,10
DA:670,3
DA:676,7
DA:679,7
DA:686,6
DA:687,1
DA:693,5
DA:696,5
DA:697,5
DA:699,5
DA:700,1
DA:706,4
DA:707,1
DA:714,3
DA:717,3
DA:718,1
DA:721,1
DA:731,3
DA:733,1
DA:734,1
DA:736,10
DA:749,0
DA:751,0
DA:754,0
DA:756,0
DA:758,0
DA:765,0
DA:766,0
DA:769,0
DA:771,0
DA:772,0
DA:774,0
DA:778,3
LF:212
LH:149
BRDA:42,0,0,3
BRDA:42,0,1,2
BRDA:52,1,0,19
BRDA:52,1,1,7
BRDA:53,2,0,19
BRDA:53,2,1,19
BRDA:90,3,0,9
BRDA:90,3,1,5
BRDA:134,4,0,2
BRDA:134,4,1,17
BRDA:134,5,0,19
BRDA:134,5,1,18
BRDA:142,6,0,1
BRDA:142,6,1,16
BRDA:158,7,0,1
BRDA:158,7,1,14
BRDA:165,8,0,1
BRDA:165,8,1,13
BRDA:170,9,0,1
BRDA:170,9,1,12
BRDA:170,10,0,13
BRDA:170,10,1,2
BRDA:180,11,0,3
BRDA:180,11,1,9
BRDA:182,12,0,3
BRDA:182,12,1,0
BRDA:185,13,0,1
BRDA:185,13,1,2
BRDA:226,14,0,4
BRDA:226,14,1,5
BRDA:234,15,0,3
BRDA:234,15,1,1
BRDA:298,16,0,0
BRDA:298,16,1,0
BRDA:319,17,0,0
BRDA:319,17,1,0
BRDA:332,18,0,0
BRDA:332,18,1,0
BRDA:349,19,0,0
BRDA:349,19,1,0
BRDA:383,20,0,0
BRDA:383,20,1,0
BRDA:402,21,0,0
BRDA:402,21,1,0
BRDA:403,22,0,0
BRDA:403,22,1,0
BRDA:445,23,0,0
BRDA:445,23,1,0
BRDA:489,24,0,1
BRDA:489,24,1,6
BRDA:502,25,0,1
BRDA:502,25,1,4
BRDA:502,26,0,5
BRDA:502,26,1,2
BRDA:518,27,0,1
BRDA:518,27,1,3
BRDA:534,28,0,2
BRDA:534,28,1,1
BRDA:569,29,0,3
BRDA:569,29,1,10
BRDA:569,30,0,13
BRDA:569,30,1,12
BRDA:569,30,2,11
BRDA:577,31,0,4
BRDA:577,31,1,6
BRDA:592,32,0,1
BRDA:592,32,1,4
BRDA:603,33,0,1
BRDA:603,33,1,3
BRDA:610,34,0,1
BRDA:610,34,1,2
BRDA:669,35,0,3
BRDA:669,35,1,7
BRDA:669,36,0,10
BRDA:669,36,1,8
BRDA:686,37,0,1
BRDA:686,37,1,5
BRDA:699,38,0,1
BRDA:699,38,1,4
BRDA:706,39,0,1
BRDA:706,39,1,3
BRDA:717,40,0,1
BRDA:717,40,1,2
BRDA:765,41,0,0
BRDA:765,41,1,0
BRF:85
BRH:66
end_of_record
TN:
SF:src\controllers\leadController.js
FN:12,createLead
FN:106,getLeadById
FN:168,updateLeadStatus
FN:275,addNote
FN:369,getNotes
FN:414,getDashboard
FN:471,(anonymous_6)
FN:486,(anonymous_7)
FN:525,getLeads
FN:608,convertLead
FN:693,unlockLead
FN:753,importLeads
FN:835,(anonymous_12)
FN:854,(anonymous_13)
FN:874,(anonymous_14)
FNF:15
FNH:13
FNDA:6,createLead
FNDA:0,getLeadById
FNDA:7,updateLeadStatus
FNDA:4,addNote
FNDA:1,getNotes
FNDA:2,getDashboard
FNDA:3,(anonymous_6)
FNDA:1,(anonymous_7)
FNDA:5,getLeads
FNDA:3,convertLead
FNDA:1,unlockLead
FNDA:4,importLeads
FNDA:2,(anonymous_12)
FNDA:2,(anonymous_13)
FNDA:0,(anonymous_14)
DA:5,7
DA:6,7
DA:7,7
DA:13,6
DA:15,6
DA:17,6
DA:19,6
DA:20,6
DA:21,6
DA:22,6
DA:23,6
DA:24,6
DA:26,6
DA:27,6
DA:29,6
DA:30,6
DA:32,6
DA:33,3
DA:36,3
DA:39,3
DA:40,3
DA:42,3
DA:45,3
DA:52,3
DA:53,1
DA:54,1
DA:62,2
DA:69,2
DA:72,2
DA:79,2
DA:80,1
DA:87,2
DA:89,2
DA:95,0
DA:96,0
DA:97,0
DA:99,6
DA:107,0
DA:109,0
DA:110,0
DA:113,0
DA:114,0
DA:117,0
DA:119,0
DA:120,0
DA:123,0
DA:126,0
DA:131,0
DA:136,0
DA:143,0
DA:146,0
DA:147,0
DA:150,0
DA:152,0
DA:159,7
DA:169,7
DA:171,7
DA:172,7
DA:173,7
DA:175,7
DA:176,0
DA:180,7
DA:181,7
DA:183,7
DA:187,7
DA:192,7
DA:193,1
DA:194,1
DA:197,6
DA:200,6
DA:201,1
DA:202,1
DA:208,5
DA:209,5
DA:211,5
DA:212,0
DA:213,0
DA:217,5
DA:218,2
DA:219,1
DA:220,1
DA:227,4
DA:229,4
DA:239,4
DA:246,4
DA:249,4
DA:251,4
DA:258,0
DA:259,0
DA:261,0
DA:262,0
DA:265,0
DA:267,7
DA:276,4
DA:278,4
DA:279,4
DA:280,4
DA:282,4
DA:283,1
DA:286,3
DA:287,0
DA:290,3
DA:291,2
DA:293,2
DA:294,2
DA:296,2
DA:297,1
DA:302,2
DA:303,2
DA:305,2
DA:308,2
DA:313,2
DA:314,1
DA:315,1
DA:319,1
DA:325,1
DA:328,1
DA:329,1
DA:332,1
DA:333,1
DA:338,0
DA:344,1
DA:346,1
DA:352,0
DA:353,0
DA:355,0
DA:356,0
DA:359,0
DA:361,4
DA:370,1
DA:372,1
DA:373,1
DA:375,1
DA:376,1
DA:379,1
DA:381,1
DA:382,0
DA:386,1
DA:395,1
DA:400,0
DA:401,0
DA:402,0
DA:404,0
DA:406,1
DA:415,2
DA:416,2
DA:417,2
DA:419,2
DA:420,2
DA:421,1
DA:425,1
DA:426,1
DA:429,1
DA:430,1
DA:433,1
DA:439,1
DA:442,1
DA:449,1
DA:452,1
DA:453,1
DA:454,1
DA:458,1
DA:462,1
DA:471,1
DA:472,3
DA:473,3
DA:478,1
DA:486,1
DA:492,1
DA:493,1
DA:500,1
DA:509,1
DA:511,1
DA:514,0
DA:515,0
DA:517,2
DA:526,5
DA:528,5
DA:529,5
DA:531,5
DA:532,5
DA:533,5
DA:535,5
DA:538,5
DA:539,5
DA:542,5
DA:543,5
DA:545,5
DA:546,1
DA:547,1
DA:548,1
DA:551,5
DA:552,1
DA:553,1
DA:556,5
DA:557,0
DA:558,0
DA:561,5
DA:564,5
DA:565,5
DA:566,5
DA:569,5
DA:579,5
DA:581,5
DA:583,5
DA:585,5
DA:594,0
DA:595,0
DA:596,0
DA:598,0
DA:600,5
DA:609,3
DA:611,3
DA:612,3
DA:615,3
DA:616,3
DA:618,3
DA:621,3
DA:626,3
DA:627,0
DA:628,0
DA:631,3
DA:634,3
DA:635,1
DA:636,1
DA:640,2
DA:641,1
DA:642,1
DA:649,1
DA:660,1
DA:666,1
DA:668,1
DA:680,0
DA:681,0
DA:682,0
DA:683,0
DA:685,3
DA:694,1
DA:696,1
DA:697,1
DA:700,1
DA:701,1
DA:703,1
DA:706,1
DA:707,1
DA:708,0
DA:709,0
DA:712,1
DA:715,1
DA:726,1
DA:732,1
DA:734,1
DA:740,0
DA:741,0
DA:742,0
DA:743,0
DA:745,1
DA:754,4
DA:755,1
DA:758,3
DA:759,3
DA:761,3
DA:762,3
DA:764,3
DA:771,3
DA:772,0
DA:776,3
DA:777,3
DA:779,3
DA:780,3
DA:782,3
DA:784,3
DA:785,8
DA:786,8
DA:789,8
DA:790,8
DA:791,8
DA:792,8
DA:793,8
DA:795,8
DA:796,1
DA:797,1
DA:801,7
DA:802,1
DA:803,1
DA:806,6
DA:807,2
DA:808,2
DA:812,4
DA:817,4
DA:818,2
DA:819,2
DA:822,2
DA:826,3
DA:827,2
DA:832,2
DA:833,2
DA:835,2
DA:836,2
DA:837,2
DA:838,2
DA:841,2
DA:847,2
DA:848,2
DA:851,2
DA:852,2
DA:854,2
DA:855,2
DA:856,2
DA:857,2
DA:860,2
DA:865,2
DA:867,2
DA:868,2
DA:871,3
DA:874,0
DA:875,0
DA:876,0
DA:878,3
DA:882,7
LF:320
LH:256
BRDA:20,0,0,1
BRDA:20,0,1,5
BRDA:21,1,0,0
BRDA:21,1,1,6
BRDA:22,2,0,1
BRDA:22,2,1,5
BRDA:23,3,0,1
BRDA:23,3,1,5
BRDA:24,4,0,1
BRDA:24,4,1,5
BRDA:27,5,0,1
BRDA:27,5,1,5
BRDA:27,6,0,6
BRDA:27,6,1,6
BRDA:30,7,0,1
BRDA:30,7,1,5
BRDA:30,8,0,6
BRDA:30,8,1,5
BRDA:32,9,0,3
BRDA:32,9,1,3
BRDA:52,10,0,1
BRDA:52,10,1,2
BRDA:79,11,0,1
BRDA:79,11,1,1
BRDA:119,12,0,0
BRDA:119,12,1,0
BRDA:146,13,0,0
BRDA:146,13,1,0
BRDA:175,14,0,0
BRDA:175,14,1,7
BRDA:175,15,0,7
BRDA:175,15,1,7
BRDA:192,16,0,1
BRDA:192,16,1,6
BRDA:200,17,0,1
BRDA:200,17,1,5
BRDA:211,18,0,0
BRDA:211,18,1,5
BRDA:217,19,0,2
BRDA:217,19,1,3
BRDA:218,20,0,1
BRDA:218,20,1,1
BRDA:218,21,0,2
BRDA:218,21,1,1
BRDA:243,22,0,4
BRDA:243,22,1,3
BRDA:261,23,0,0
BRDA:261,23,1,0
BRDA:282,24,0,1
BRDA:282,24,1,3
BRDA:282,25,0,4
BRDA:282,25,1,3
BRDA:286,26,0,0
BRDA:286,26,1,3
BRDA:290,27,0,2
BRDA:290,27,1,1
BRDA:296,28,0,1
BRDA:296,28,1,1
BRDA:296,29,0,2
BRDA:296,29,1,2
BRDA:313,30,0,1
BRDA:313,30,1,1
BRDA:322,31,0,1
BRDA:322,31,1,0
BRDA:329,32,0,1
BRDA:329,32,1,0
BRDA:332,33,0,1
BRDA:332,33,1,0
BRDA:355,34,0,0
BRDA:355,34,1,0
BRDA:381,35,0,0
BRDA:381,35,1,1
BRDA:401,36,0,0
BRDA:401,36,1,0
BRDA:420,37,0,1
BRDA:420,37,1,1
BRDA:453,38,0,1
BRDA:453,38,1,0
BRDA:472,39,0,3
BRDA:472,39,1,0
BRDA:496,40,0,1
BRDA:496,40,1,0
BRDA:529,41,0,4
BRDA:529,42,0,4
BRDA:531,43,0,5
BRDA:531,43,1,0
BRDA:532,44,0,5
BRDA:532,44,1,0
BRDA:533,45,0,0
BRDA:533,45,1,5
BRDA:545,46,0,1
BRDA:545,46,1,4
BRDA:551,47,0,1
BRDA:551,47,1,4
BRDA:551,48,0,5
BRDA:551,48,1,1
BRDA:556,49,0,0
BRDA:556,49,1,5
BRDA:556,50,0,5
BRDA:556,50,1,0
BRDA:590,51,0,5
BRDA:590,51,1,0
BRDA:595,52,0,0
BRDA:595,52,1,0
BRDA:626,53,0,0
BRDA:626,53,1,3
BRDA:634,54,0,1
BRDA:634,54,1,2
BRDA:640,55,0,1
BRDA:640,55,1,1
BRDA:640,56,0,2
BRDA:640,56,1,1
BRDA:682,57,0,0
BRDA:682,57,1,0
BRDA:707,58,0,0
BRDA:707,58,1,1
BRDA:742,59,0,0
BRDA:742,59,1,0
BRDA:754,60,0,1
BRDA:754,60,1,3
BRDA:771,61,0,0
BRDA:771,61,1,3
BRDA:789,62,0,8
BRDA:789,62,1,1
BRDA:789,62,2,1
BRDA:790,63,0,8
BRDA:790,63,1,0
BRDA:791,64,0,8
BRDA:791,64,1,0
BRDA:792,65,0,8
BRDA:792,65,1,0
BRDA:793,66,0,8
BRDA:793,66,1,0
BRDA:793,66,2,0
BRDA:795,67,0,1
BRDA:795,67,1,7
BRDA:795,68,0,8
BRDA:795,68,1,7
BRDA:795,68,2,7
BRDA:795,68,3,7
BRDA:795,68,4,7
BRDA:801,69,0,1
BRDA:801,69,1,6
BRDA:806,70,0,2
BRDA:806,70,1,4
BRDA:817,71,0,2
BRDA:817,71,1,2
BRDA:826,72,0,2
BRDA:826,72,1,1
BRDA:874,73,0,0
BRDA:874,73,1,0
BRF:151
BRH:108
end_of_record
TN:
SF:src\jobs\leadArchiveJob.js
FN:11,archiveInactiveLeads
FN:67,sendFollowUpReminders
FN:106,startLeadJobs
FN:109,(anonymous_3)
FNF:4
FNH:4
FNDA:2,archiveInactiveLeads
FNDA:2,sendFollowUpReminders
FNDA:3,startLeadJobs
FNDA:2,(anonymous_3)
DA:1,1
DA:2,1
DA:3,1
DA:5,1
DA:6,1
DA:12,2
DA:13,2
DA:15,2
DA:22,2
DA:23,2
DA:25,2
DA:26,1
DA:27,1
DA:29,1
DA:35,1
DA:40,1
DA:43,1
DA:49,0
DA:50,0
DA:54,2
DA:55,1
DA:58,0
DA:60,2
DA:68,2
DA:69,2
DA:71,2
DA:79,2
DA:80,2
DA:82,1
DA:83,1
DA:84,1
DA:93,1
DA:94,1
DA:97,1
DA:99,2
DA:107,3
DA:109,3
DA:110,2
DA:111,2
DA:112,2
DA:113,2
DA:117,1
LF:42
LH:39
BRDA:5,0,0,1
BRDA:5,0,1,1
BRDA:6,1,0,1
BRDA:6,1,1,1
BRDA:54,2,0,1
BRDA:54,2,1,1
BRDA:93,3,0,1
BRDA:93,3,1,0
BRF:8
BRH:7
end_of_record
TN:
SF:src\middleware\authenticate.js
FN:14,authenticate
FNF:1
FNH:1
FNDA:34,authenticate
DA:12,10
DA:16,34
DA:18,34
DA:19,0
DA:25,34
DA:27,34
DA:28,0
DA:33,34
DA:35,34
DA:39,34
DA:45,34
DA:48,0
DA:49,0
DA:55,0
DA:56,0
DA:63,0
DA:64,0
DA:70,10
LF:18
LH:10
BRDA:18,0,0,0
BRDA:18,0,1,34
BRDA:18,1,0,34
BRDA:18,1,1,34
BRDA:27,2,0,0
BRDA:27,2,1,34
BRDA:48,3,0,0
BRDA:48,3,1,0
BRDA:55,4,0,0
BRDA:55,4,1,0
BRF:10
BRH:4
end_of_record
TN:
SF:src\middleware\authorize.js
FN:10,authorize
FN:11,(anonymous_1)
FN:37,(anonymous_2)
FN:52,(anonymous_3)
FNF:4
FNH:3
FNDA:70,authorize
FNDA:34,(anonymous_1)
FNDA:0,(anonymous_2)
FNDA:34,(anonymous_3)
DA:8,7
DA:11,70
DA:13,34
DA:14,0
DA:20,34
DA:21,34
DA:26,34
DA:27,0
DA:35,34
DA:36,0
DA:37,0
DA:39,0
DA:40,0
DA:48,34
DA:49,34
DA:52,34
DA:53,34
DA:54,34
DA:57,34
DA:58,1
DA:66,33
DA:70,7
LF:22
LH:16
BRDA:13,0,0,0
BRDA:13,0,1,34
BRDA:13,1,0,34
BRDA:13,1,1,34
BRDA:21,2,0,34
BRDA:21,2,1,0
BRDA:26,3,0,0
BRDA:26,3,1,34
BRDA:26,4,0,34
BRDA:26,4,1,0
BRDA:35,5,0,0
BRDA:35,5,1,34
BRDA:35,6,0,34
BRDA:35,6,1,0
BRDA:39,7,0,0
BRDA:39,7,1,0
BRDA:48,8,0,34
BRDA:48,8,1,0
BRDA:49,9,0,34
BRDA:49,9,1,0
BRDA:53,10,0,34
BRDA:53,10,1,0
BRDA:57,11,0,1
BRDA:57,11,1,33
BRF:24
BRH:13
end_of_record
TN:
SF:src\routes\auth.js
FNF:0
FNH:0
DA:7,3
DA:8,3
DA:10,3
DA:11,3
DA:14,3
DA:17,3
DA:20,3
DA:23,3
DA:26,3
DA:29,3
DA:32,3
DA:34,3
LF:12
LH:12
BRF:0
BRH:0
end_of_record
TN:
SF:src\routes\leads.js
FNF:0
FNH:0
DA:5,7
DA:6,7
DA:7,7
DA:9,7
DA:10,7
DA:19,7
DA:20,7
DA:21,7
DA:28,7
DA:39,7
DA:50,7
DA:61,7
DA:72,7
DA:83,7
DA:94,7
DA:105,7
DA:116,7
DA:127,7
DA:135,7
LF:19
LH:19
BRF:0
BRH:0
end_of_record
TN:
SF:src\utils\csvParser.js
FN:9,parseCSV
FN:10,(anonymous_1)
FN:17,(anonymous_2)
FN:19,(anonymous_3)
FN:20,(anonymous_4)
FN:21,(anonymous_5)
FNF:6
FNH:5
FNDA:3,parseCSV
FNDA:3,(anonymous_1)
FNDA:15,(anonymous_2)
FNDA:8,(anonymous_3)
FNDA:3,(anonymous_4)
FNDA:0,(anonymous_5)
DA:1,7
DA:2,7
DA:10,3
DA:11,3
DA:13,3
DA:15,3
DA:17,15
DA:19,8
DA:20,3
DA:21,0
DA:25,7
LF:11
LH:10
BRF:0
BRH:0
end_of_record
TN:
SF:src\utils\redis.js
FN:5,(anonymous_0)
FN:14,(anonymous_1)
FN:18,(anonymous_2)
FNF:3
FNH:1
FNDA:0,(anonymous_0)
FNDA:7,(anonymous_1)
FNDA:0,(anonymous_2)
DA:1,7
DA:2,7
DA:4,7
DA:6,0
DA:7,0
DA:8,0
DA:10,0
DA:14,7
DA:15,7
DA:18,7
DA:19,0
DA:22,7
LF:12
LH:7
BRDA:6,0,0,0
BRDA:6,0,1,0
BRF:2
BRH:0
end_of_record
